#
# There is insufficient memory for the Java Runtime Environment to continue.
# Native memory allocation (malloc) failed to allocate 1048576 bytes for AllocateHeap
# Possible reasons:
#   The system is out of physical RAM or swap space
#   The process is running with CompressedOops enabled, and the Java Heap may be blocking the growth of the native heap
# Possible solutions:
#   Reduce memory load on the system
#   Increase physical memory or swap space
#   Check if swap backing store is full
#   Decrease Java heap size (-Xmx/-Xms)
#   Decrease number of Java threads
#   Decrease Java thread stack sizes (-Xss)
#   Set larger code cache with -XX:ReservedCodeCacheSize=
#   JVM is running with Unscaled Compressed Oops mode in which the Java heap is
#     placed in the first 4GB address space. The Java Heap base address is the
#     maximum limit for the native heap growth. Please use -XX:HeapBaseMinAddress
#     to set the Java Heap base and to place the Java Heap above 4GB virtual address.
# This output file may be truncated or incomplete.
#
#  Out of Memory Error (allocation.cpp:44), pid=9756, tid=20012
#
# JRE version:  (20.0.1+9) (build )
# Java VM: Java HotSpot(TM) 64-Bit Server VM (20.0.1+9-29, mixed mode, sharing, tiered, compressed oops, compressed class ptrs, g1 gc, windows-amd64)
# No core dump will be written. Minidumps are not enabled by default on client versions of Windows
#

---------------  S U M M A R Y ------------

Command Line: org.jetbrains.kotlin.cli.jvm.K2JVMCompiler @D:\flutter_windows_3.41.0-0.2.pre-beta\flutter\packages\flutter_tools\gradle\build\20260203_11661698298520573306.compiler.options

Host: Intel(R) Core(TM) i7-10750H CPU @ 2.60GHz, 12 cores, 15G,  Windows 11 , 64 bit Build 26100 (10.0.26100.7705)
Time: Tue Feb  3 13:02:02 2026 Sri Lanka Standard Time elapsed time: 2.040954 seconds (0d 0h 0m 2s)

---------------  T H R E A D  ---------------

Current thread (0x000001d60b79b7f0):  JavaThread "Unknown thread" [_thread_in_vm, id=20012, stack(0x0000009522100000,0x0000009522200000)]

Stack: [0x0000009522100000,0x0000009522200000]
Native frames: (J=compiled Java code, j=interpreted, Vv=VM code, C=native code)
V  [jvm.dll+0x6bb95a]
V  [jvm.dll+0x8485fa]
V  [jvm.dll+0x84a1f5]
V  [jvm.dll+0x84a8f3]
V  [jvm.dll+0x280b0f]
V  [jvm.dll+0xbcec5]
V  [jvm.dll+0x329165]
V  [jvm.dll+0x81128a]
V  [jvm.dll+0x3c0d91]
V  [jvm.dll+0x7fcfe3]
V  [jvm.dll+0x44c76f]
V  [jvm.dll+0x44e0e1]
C  [jli.dll+0x5287]
C  [ucrtbase.dll+0x37b0]
C  [KERNEL32.DLL+0x2e8d7]
C  [ntdll.dll+0x8c40c]


---------------  P R O C E S S  ---------------

Threads class SMR info:
_java_thread_list=0x00007ff8f6e5a098, length=0, elements={
}

Java Threads: ( => current thread )

Other Threads:

=>0x000001d60b79b7f0 (exited) JavaThread "Unknown thread" [_thread_in_vm, id=20012, stack(0x0000009522100000,0x0000009522200000)]

Threads with active compile tasks:

VM state: not at safepoint (not fully initialized)

VM Mutex/Monitor currently owned by a thread: None

Heap address: 0x0000000000000000, size: 0 MB, Compressed Oops mode: 32-bit

CDS archive(s) mapped at: [0x0000000000000000-0x0000000000000000-0x0000000000000000), size 0, SharedBaseAddress: 0x0000000800000000, ArchiveRelocationMode: 0.
Narrow klass base: 0x0000000000000000, Narrow klass shift: 0, Narrow klass range: 0x0

GC Precious Log:
 CardTable entry size: 512
 Card Set container configuration: InlinePtr #cards 4 size 8 Array Of Cards #cards 16 size 48 Howl #buckets 8 coarsen threshold 3686 Howl Bitmap #cards 512 size 80 coarsen threshold 460 Card regions per heap region 1 cards per card region 4096

GC Heap History (0 events):
No events

Dll operation events (1 events):
Event: 0.010 Loaded shared library C:\Program Files\Java\jdk-20\bin\java.dll

Deoptimization events (0 events):
No events

Classes loaded (0 events):
No events

Classes unloaded (0 events):
No events

Classes redefined (0 events):
No events

Internal exceptions (0 events):
No events

VM Operations (0 events):
No events

Events (0 events):
No events


Dynamic libraries:
0x00007ff747bc0000 - 0x00007ff747bd0000 	C:\Program Files\Java\jdk-20\bin\java.exe
0x00007ff9ec5a0000 - 0x00007ff9ec808000 	C:\WINDOWS\SYSTEM32\ntdll.dll
0x00007ff9ec200000 - 0x00007ff9ec2c9000 	C:\WINDOWS\System32\KERNEL32.DLL
0x00007ff9e9a40000 - 0x00007ff9e9e31000 	C:\WINDOWS\System32\KERNELBASE.dll
0x00007ff9ea1f0000 - 0x00007ff9ea33b000 	C:\WINDOWS\System32\ucrtbase.dll
0x00007ff9c2a30000 - 0x00007ff9c2a49000 	C:\Program Files\Java\jdk-20\bin\jli.dll
0x00007ff9c0e30000 - 0x00007ff9c0e4b000 	C:\Program Files\Java\jdk-20\bin\VCRUNTIME140.dll
0x00007ff9ec3b0000 - 0x00007ff9ec464000 	C:\WINDOWS\System32\ADVAPI32.dll
0x00007ff9ec120000 - 0x00007ff9ec1c9000 	C:\WINDOWS\System32\msvcrt.dll
0x00007ff9ebce0000 - 0x00007ff9ebd86000 	C:\WINDOWS\System32\sechost.dll
0x00007ff9ea340000 - 0x00007ff9ea458000 	C:\WINDOWS\System32\RPCRT4.dll
0x00007ff9ea460000 - 0x00007ff9ea626000 	C:\WINDOWS\System32\USER32.dll
0x00007ff9e96f0000 - 0x00007ff9e9717000 	C:\WINDOWS\System32\win32u.dll
0x00007ff9d4d90000 - 0x00007ff9d5023000 	C:\WINDOWS\WinSxS\amd64_microsoft.windows.common-controls_6595b64144ccf1df_6.0.26100.7705_none_3e06597ae3363b04\COMCTL32.dll
0x00007ff9ec1d0000 - 0x00007ff9ec1fb000 	C:\WINDOWS\System32\GDI32.dll
0x00007ff9e97b0000 - 0x00007ff9e98db000 	C:\WINDOWS\System32\gdi32full.dll
0x00007ff9e98e0000 - 0x00007ff9e9983000 	C:\WINDOWS\System32\msvcp_win.dll
0x00007ff9e0c90000 - 0x00007ff9e0c9b000 	C:\WINDOWS\SYSTEM32\VERSION.dll
0x00007ff9ea850000 - 0x00007ff9ea881000 	C:\WINDOWS\System32\IMM32.DLL
0x00007ff9d87d0000 - 0x00007ff9d87dc000 	C:\Program Files\Java\jdk-20\bin\vcruntime140_1.dll
0x00007ff9ba6f0000 - 0x00007ff9ba77e000 	C:\Program Files\Java\jdk-20\bin\msvcp140.dll
0x00007ff8f6300000 - 0x00007ff8f6f97000 	C:\Program Files\Java\jdk-20\bin\server\jvm.dll
0x00007ff9c0e20000 - 0x00007ff9c0e2a000 	C:\WINDOWS\SYSTEM32\WSOCK32.dll
0x00007ff9d7330000 - 0x00007ff9d7365000 	C:\WINDOWS\SYSTEM32\WINMM.dll
0x00007ff9ebc60000 - 0x00007ff9ebcd4000 	C:\WINDOWS\System32\WS2_32.dll
0x00007ff9e7c30000 - 0x00007ff9e7c4b000 	C:\WINDOWS\SYSTEM32\kernel.appcore.dll
0x00007ff9c0db0000 - 0x00007ff9c0dba000 	C:\Program Files\Java\jdk-20\bin\jimage.dll
0x00007ff9d6460000 - 0x00007ff9d66a2000 	C:\WINDOWS\SYSTEM32\DBGHELP.DLL
0x00007ff9ebd90000 - 0x00007ff9ec116000 	C:\WINDOWS\System32\combase.dll
0x00007ff9eb910000 - 0x00007ff9eb9e7000 	C:\WINDOWS\System32\OLEAUT32.dll
0x00007ff9d2cb0000 - 0x00007ff9d2ceb000 	C:\WINDOWS\SYSTEM32\dbgcore.DLL
0x00007ff9e9990000 - 0x00007ff9e9a35000 	C:\WINDOWS\System32\bcryptPrimitives.dll
0x00007ff9bf3c0000 - 0x00007ff9bf3e6000 	C:\Program Files\Java\jdk-20\bin\java.dll

dbghelp: loaded successfully - version: 4.0.5 - missing functions: none
symbol engine: initialized successfully - sym options: 0x614 - pdb path: .;C:\Program Files\Java\jdk-20\bin;C:\WINDOWS\SYSTEM32;C:\WINDOWS\WinSxS\amd64_microsoft.windows.common-controls_6595b64144ccf1df_6.0.26100.7705_none_3e06597ae3363b04;C:\Program Files\Java\jdk-20\bin\server

VM Arguments:
java_command: org.jetbrains.kotlin.cli.jvm.K2JVMCompiler @D:\flutter_windows_3.41.0-0.2.pre-beta\flutter\packages\flutter_tools\gradle\build\20260203_11661698298520573306.compiler.options
java_class_path (initial): C:\Users\USER\.gradle\caches\modules-2\files-2.1\org.jetbrains.kotlin\kotlin-compiler-embeddable\2.0.21\79346ed53db48b18312a472602eb5c057070c54d\kotlin-compiler-embeddable-2.0.21.jar;C:\Users\USER\.gradle\caches\modules-2\files-2.1\org.jetbrains.kotlin\kotlin-stdlib\2.0.21\618b539767b4899b4660a83006e052b63f1db551\kotlin-stdlib-2.0.21.jar;C:\Users\USER\.gradle\caches\modules-2\files-2.1\org.jetbrains.kotlin\kotlin-script-runtime\2.0.21\c9b044380ad41f89aa89aa896c2d32a8c0b2129d\kotlin-script-runtime-2.0.21.jar;C:\Users\USER\.gradle\caches\modules-2\files-2.1\org.jetbrains.kotlin\kotlin-reflect\1.6.10\1cbe9c92c12a94eea200d23c2bbaedaf3daf5132\kotlin-reflect-1.6.10.jar;C:\Users\USER\.gradle\caches\modules-2\files-2.1\org.jetbrains.kotlin\kotlin-daemon-embeddable\2.0.21\c9e933b23287de9b5a17e2116b4657bb91aea72c\kotlin-daemon-embeddable-2.0.21.jar;C:\Users\USER\.gradle\caches\modules-2\files-2.1\org.jetbrains.intellij.deps\trove4j\1.0.20200330\3afb14d5f9ceb459d724e907a21145e8ff394f02\trove4j-1.0.20200330.jar;C:\Users\USER\.gradle\caches\modules-2\files-2.1\org.jetbrains.kotlinx\kotlinx-coroutines-core-jvm\1.6.4\2c997cd1c0ef33f3e751d3831929aeff1390cb30\kotlinx-coroutines-core-jvm-1.6.4.jar;C:\Users\USER\.gradle\caches\modules-2\files-2.1\org.jetbrains\annotations\13.0\919f0dfe192fb4e063e7dacadee7f8bb9a2672a9\annotations-13.0.jar
Launcher Type: SUN_STANDARD

[Global flags]
     intx CICompilerCount                          = 4                                         {product} {ergonomic}
     uint ConcGCThreads                            = 3                                         {product} {ergonomic}
     uint G1ConcRefinementThreads                  = 10                                        {product} {ergonomic}
   size_t G1HeapRegionSize                         = 2097152                                   {product} {ergonomic}
    uintx GCDrainStackTargetSize                   = 64                                        {product} {ergonomic}
   size_t InitialHeapSize                          = 266338304                                 {product} {ergonomic}
   size_t MarkStackSize                            = 4194304                                   {product} {ergonomic}
   size_t MaxHeapSize                              = 4248829952                                {product} {ergonomic}
   size_t MinHeapDeltaBytes                        = 2097152                                   {product} {ergonomic}
   size_t MinHeapSize                              = 8388608                                   {product} {ergonomic}
    uintx NonNMethodCodeHeapSize                   = 5839372                                {pd product} {ergonomic}
    uintx NonProfiledCodeHeapSize                  = 122909434                              {pd product} {ergonomic}
    uintx ProfiledCodeHeapSize                     = 122909434                              {pd product} {ergonomic}
    uintx ReservedCodeCacheSize                    = 251658240                              {pd product} {ergonomic}
     bool SegmentedCodeCache                       = true                                      {product} {ergonomic}
   size_t SoftMaxHeapSize                          = 4248829952                             {manageable} {ergonomic}
     bool UseCompressedClassPointers               = true                           {product lp64_product} {ergonomic}
     bool UseCompressedOops                        = true                           {product lp64_product} {ergonomic}
     bool UseG1GC                                  = true                                      {product} {ergonomic}
     bool UseLargePagesIndividualAllocation        = false                                  {pd product} {ergonomic}

Logging:
Log output configuration:
 #0: stdout all=warning uptime,level,tags foldmultilines=false
 #1: stderr all=off uptime,level,tags foldmultilines=false

Environment Variables:
JAVA_HOME=C:\Program Files\Java\jdk-20
PATH=C:\Program Files\Common Files\Oracle\Java\javapath;C:\Program Files (x86)\Common Files\Oracle\Java\java8path;C:\Program Files (x86)\Common Files\Oracle\Java\javapath;C:\Python310\Scripts\;C:\Python310\;C:\WINDOWS\system32;C:\WINDOWS;C:\WINDOWS\System32\Wbem;C:\WINDOWS\System32\WindowsPowerShell\v1.0\;C:\WINDOWS\System32\OpenSSH\;C:\Program Files\NVIDIA Corporation\NVIDIA NvDLISR;C:\WINDOWS\system32;C:\WINDOWS;C:\WINDOWS\System32\Wbem;C:\WINDOWS\System32\WindowsPowerShell\v1.0\;C:\WINDOWS\System32\OpenSSH\;D:\jdk20\bin;C:\Program Files\Java\jdk-20\bin;C:\Program Files\nodejs;C:\Program Files\Java\jdk-21;C:\Program Files\Git\cmd;C:\Program Files\dotnet\;C:\Program Files\nodejs\;D:\Users\USER\allure-2.34.1\bin;D:\Users\USER\maven-mvnd-1.0.2-windows-amd64\bin;D:\sonar-scanner-7.2.0.5079-windows-x64\bin;C:\Program Files\apache-maven-3.9.11\bin;D:\Users\USER\anaconda3\Library\mingw-w64\bin;D:\Users\USER\anaconda3\Library\usr\bin;D:\Users\USER\anaconda3\Library\bin;D:\Users\USER\anaconda3\Scripts;C:\Program Files\MySQL\MySQL Shell 8.0\bin\;C:\Users\USER\AppData\Local\Microsoft\WindowsApps;C:\Users\USER\AppData\Local\GitHubDesktop\bin;C:\Users\USER\AppData\Local\Programs\Microsoft VS Code\bin;D:\Program Files\IntelliJ IDEA Community Edition 2024.2.4\bin;;C:\Users\USER\.dotnet\tools;C:\Users\USER\AppData\Roaming\npm;C:\Program Files (x86)\BrowserStackLocal\;D:\IntelliJ IDEA 2025.3\bin;D:\flutter_windows_3.41.0-0.2.pre-beta\flutter\bin;
USERNAME=USER
OS=Windows_NT
PROCESSOR_IDENTIFIER=Intel64 Family 6 Model 165 Stepping 2, GenuineIntel
TMP=C:\Users\USER\AppData\Local\Temp
TEMP=C:\Users\USER\AppData\Local\Temp




---------------  S Y S T E M  ---------------

OS:
 Windows 11 , 64 bit Build 26100 (10.0.26100.7705)
OS uptime: 0 days 4:16 hours

CPU: total 12 (initial active 12) (6 cores per cpu, 2 threads per core) family 6 model 165 stepping 2 microcode 0xe2, cx8, cmov, fxsr, ht, mmx, 3dnowpref, sse, sse2, sse3, ssse3, sse4.1, sse4.2, popcnt, lzcnt, tsc, tscinvbit, avx, avx2, aes, erms, clmul, bmi1, bmi2, adx, fma, vzeroupper, clflush, clflushopt, rdtscp, f16c, pku

Memory: 4k page, system-wide physical 16205M (1848M free)
TotalPageFile size 20301M (AvailPageFile size 0M)
current process WorkingSet (physical memory assigned to process): 12M, peak: 12M
current process commit charge ("private bytes"): 13M, peak: 14M

vm_info: Java HotSpot(TM) 64-Bit Server VM (20.0.1+9-29) for windows-amd64 JRE (20.0.1+9-29), built on 2023-03-07T13:56:11Z by "mach5one" with MS VC++ 17.1 (VS2022)

END.
