#
# There is insufficient memory for the Java Runtime Environment to continue.
# Native memory allocation (malloc) failed to allocate 1214240 bytes. Error detail: Chunk::new
# Possible reasons:
#   The system is out of physical RAM or swap space
#   This process is running with CompressedOops enabled, and the Java Heap may be blocking the growth of the native heap
# Possible solutions:
#   Reduce memory load on the system
#   Increase physical memory or swap space
#   Check if swap backing store is full
#   Decrease Java heap size (-Xmx/-Xms)
#   Decrease number of Java threads
#   Decrease Java thread stack sizes (-Xss)
#   Set larger code cache with -XX:ReservedCodeCacheSize=
#   JVM is running with Unscaled Compressed Oops mode in which the Java heap is
#     placed in the first 4GB address space. The Java Heap base address is the
#     maximum limit for the native heap growth. Please use -XX:HeapBaseMinAddress
#     to set the Java Heap base and to place the Java Heap above 4GB virtual address.
# This output file may be truncated or incomplete.
#
#  Out of Memory Error (arena.cpp:168), pid=23140, tid=13936
#
# JRE version: OpenJDK Runtime Environment Temurin-21.0.9+10 (21.0.9+10) (build 21.0.9+10-LTS)
# Java VM: OpenJDK 64-Bit Server VM Temurin-21.0.9+10 (21.0.9+10-LTS, mixed mode, sharing, tiered, compressed oops, compressed class ptrs, parallel gc, windows-amd64)
# No core dump will be written. Minidumps are not enabled by default on client versions of Windows
#

---------------  S U M M A R Y ------------

Command Line: --add-modules=ALL-SYSTEM --add-opens=java.base/java.util=ALL-UNNAMED --add-opens=java.base/java.lang=ALL-UNNAMED --add-opens=java.base/sun.nio.fs=ALL-UNNAMED -Declipse.application=org.eclipse.jdt.ls.core.id1 -Dosgi.bundles.defaultStartLevel=4 -Declipse.product=org.eclipse.jdt.ls.core.product -Djava.import.generatesMetadataFilesAtProjectRoot=false -DDetectVMInstallationsJob.disabled=true -Dfile.encoding=utf8 -XX:+UseParallelGC -XX:GCTimeRatio=4 -XX:AdaptiveSizePolicyWeight=90 -Dsun.zip.disableMemoryMapping=true -Xmx2G -Xms100m -Xlog:disable -javaagent:c:\Users\USER\.vscode\extensions\redhat.java-1.52.0-win32-x64\lombok\lombok-1.18.39-4050.jar -XX:+HeapDumpOnOutOfMemoryError -XX:HeapDumpPath=c:\Users\USER\AppData\Roaming\Code\User\workspaceStorage\5582978b7f60568db065eb90eda3ee9e\redhat.java -Daether.dependencyCollector.impl=bf c:\Users\USER\.vscode\extensions\redhat.java-1.52.0-win32-x64\server\plugins\org.eclipse.equinox.launcher_1.7.100.v20251111-0406.jar -configuration c:\Users\USER\AppData\Roaming\Code\User\globalStorage\redhat.java\1.52.0\config_win -data c:\Users\USER\AppData\Roaming\Code\User\workspaceStorage\5582978b7f60568db065eb90eda3ee9e\redhat.java\jdt_ws --pipe=\\.\pipe\lsp-51fa7d93d3e3bf87c8342a62b9181305-sock

Host: Intel(R) Core(TM) i7-10750H CPU @ 2.60GHz, 12 cores, 15G,  Windows 11 , 64 bit Build 26100 (10.0.26100.7705)
Time: Tue Feb  3 13:02:05 2026 Sri Lanka Standard Time elapsed time: 54.757331 seconds (0d 0h 0m 54s)

---------------  T H R E A D  ---------------

Current thread (0x00000279ea512540):  JavaThread "C2 CompilerThread2" daemon [_thread_in_native, id=13936, stack(0x000000a599b00000,0x000000a599c00000) (1024K)]


Current CompileTask:
C2:54757 7839       4       java.io.ObjectInputStream::readClassDesc (121 bytes)

Stack: [0x000000a599b00000,0x000000a599c00000]
Native frames: (J=compiled Java code, j=interpreted, Vv=VM code, C=native code)
V  [jvm.dll+0x6d6e29]
V  [jvm.dll+0x8b4b76]
V  [jvm.dll+0x8b712e]
V  [jvm.dll+0x8b7813]
V  [jvm.dll+0x283d86]
V  [jvm.dll+0xc66ed]
V  [jvm.dll+0xc6c31]
V  [jvm.dll+0x3be53b]
V  [jvm.dll+0x1e39b4]
V  [jvm.dll+0x24c0f3]
V  [jvm.dll+0x24b580]
V  [jvm.dll+0x1cb13e]
V  [jvm.dll+0x25b29d]
V  [jvm.dll+0x25982a]
V  [jvm.dll+0x3f7ea6]
V  [jvm.dll+0x85e9ad]
V  [jvm.dll+0x6d565d]
C  [ucrtbase.dll+0x37b0]
C  [KERNEL32.DLL+0x2e8d7]
C  [ntdll.dll+0x8c40c]


---------------  P R O C E S S  ---------------

Threads class SMR info:
_java_thread_list=0x00000279e68052c0, length=56, elements={
0x00000279850dbd70, 0x00000279e50044b0, 0x00000279e5006b70, 0x00000279e50087d0,
0x00000279e5009940, 0x00000279e5010480, 0x00000279e5010ed0, 0x00000279e5011f80,
0x00000279e5040dc0, 0x00000279e5231690, 0x00000279e52b9920, 0x00000279e5c51830,
0x00000279e5a5f4a0, 0x00000279e5d43d40, 0x00000279e5d5b130, 0x00000279e6065380,
0x00000279e6064ce0, 0x00000279e5e39600, 0x00000279e6408980, 0x00000279e645d750,
0x00000279e645d0c0, 0x00000279e645bd10, 0x00000279e645e470, 0x00000279e645dde0,
0x00000279e645c3a0, 0x00000279e645aff0, 0x00000279e645b680, 0x00000279e580b280,
0x00000279e580ccc0, 0x00000279e580e070, 0x00000279e580d350, 0x00000279e580bfa0,
0x00000279e580d9e0, 0x00000279e580abf0, 0x00000279e580b910, 0x00000279e8b0def0,
0x00000279e8b0b790, 0x00000279e8b0c4b0, 0x00000279e8b0cb40, 0x00000279e8b0d1d0,
0x00000279e8b0e580, 0x00000279e8b10650, 0x00000279e8b0ec10, 0x00000279e8b10ce0,
0x00000279e8b0d860, 0x00000279e8b11a00, 0x00000279e8b11370, 0x00000279e8b12db0,
0x00000279e8b12720, 0x00000279e8b12090, 0x00000279ea89f090, 0x00000279ea8a0ad0,
0x00000279ea89ea00, 0x00000279ea511e70, 0x00000279ea512540, 0x00000279ea89fdb0
}

Java Threads: ( => current thread )
  0x00000279850dbd70 JavaThread "main"                              [_thread_blocked, id=23172, stack(0x000000a597300000,0x000000a597400000) (1024K)]
  0x00000279e50044b0 JavaThread "Reference Handler"          daemon [_thread_blocked, id=7896, stack(0x000000a597700000,0x000000a597800000) (1024K)]
  0x00000279e5006b70 JavaThread "Finalizer"                  daemon [_thread_blocked, id=2864, stack(0x000000a597800000,0x000000a597900000) (1024K)]
  0x00000279e50087d0 JavaThread "Signal Dispatcher"          daemon [_thread_blocked, id=2952, stack(0x000000a597900000,0x000000a597a00000) (1024K)]
  0x00000279e5009940 JavaThread "Attach Listener"            daemon [_thread_blocked, id=10608, stack(0x000000a597a00000,0x000000a597b00000) (1024K)]
  0x00000279e5010480 JavaThread "Service Thread"             daemon [_thread_blocked, id=13992, stack(0x000000a597b00000,0x000000a597c00000) (1024K)]
  0x00000279e5010ed0 JavaThread "Monitor Deflation Thread"   daemon [_thread_blocked, id=9204, stack(0x000000a597c00000,0x000000a597d00000) (1024K)]
  0x00000279e5011f80 JavaThread "C2 CompilerThread0"         daemon [_thread_blocked, id=22532, stack(0x000000a597d00000,0x000000a597e00000) (1024K)]
  0x00000279e5040dc0 JavaThread "C1 CompilerThread0"         daemon [_thread_blocked, id=22536, stack(0x000000a597e00000,0x000000a597f00000) (1024K)]
  0x00000279e5231690 JavaThread "Common-Cleaner"             daemon [_thread_blocked, id=16148, stack(0x000000a598000000,0x000000a598100000) (1024K)]
  0x00000279e52b9920 JavaThread "Notification Thread"        daemon [_thread_blocked, id=22576, stack(0x000000a598100000,0x000000a598200000) (1024K)]
  0x00000279e5c51830 JavaThread "Active Thread: Equinox Container: 6bd46ef0-3966-4c8b-a806-d959933948fc"        [_thread_blocked, id=4164, stack(0x000000a598900000,0x000000a598a00000) (1024K)]
  0x00000279e5a5f4a0 JavaThread "Refresh Thread: Equinox Container: 6bd46ef0-3966-4c8b-a806-d959933948fc" daemon [_thread_blocked, id=22772, stack(0x000000a598a00000,0x000000a598b00000) (1024K)]
  0x00000279e5d43d40 JavaThread "Framework Event Dispatcher: Equinox Container: 6bd46ef0-3966-4c8b-a806-d959933948fc" daemon [_thread_blocked, id=22728, stack(0x000000a598b00000,0x000000a598c00000) (1024K)]
  0x00000279e5d5b130 JavaThread "Start Level: Equinox Container: 6bd46ef0-3966-4c8b-a806-d959933948fc" daemon [_thread_blocked, id=13788, stack(0x000000a598c00000,0x000000a598d00000) (1024K)]
  0x00000279e6065380 JavaThread "Bundle File Closer"         daemon [_thread_blocked, id=22560, stack(0x000000a599000000,0x000000a599100000) (1024K)]
  0x00000279e6064ce0 JavaThread "SCR Component Actor"        daemon [_thread_blocked, id=9964, stack(0x000000a599100000,0x000000a599200000) (1024K)]
  0x00000279e5e39600 JavaThread "Worker-JM"                         [_thread_blocked, id=14848, stack(0x000000a599200000,0x000000a599300000) (1024K)]
  0x00000279e6408980 JavaThread "JNA Cleaner"                daemon [_thread_blocked, id=21600, stack(0x000000a599300000,0x000000a599400000) (1024K)]
  0x00000279e645d750 JavaThread "Worker-0"                          [_thread_blocked, id=3416, stack(0x000000a599400000,0x000000a599500000) (1024K)]
  0x00000279e645d0c0 JavaThread "Worker-1"                          [_thread_blocked, id=3728, stack(0x000000a599500000,0x000000a599600000) (1024K)]
  0x00000279e645bd10 JavaThread "Worker-2"                          [_thread_blocked, id=2632, stack(0x000000a599600000,0x000000a599700000) (1024K)]
  0x00000279e645e470 JavaThread "Worker-3: Synchronize Gradle projects with workspace"        [_thread_blocked, id=22688, stack(0x000000a599700000,0x000000a599800000) (1024K)]
  0x00000279e645dde0 JavaThread "Worker-4: Initialize Workspace"        [_thread_in_vm, id=14068, stack(0x000000a599900000,0x000000a599a00000) (1024K)]
  0x00000279e645c3a0 JavaThread "Timer-0"                           [_thread_blocked, id=1168, stack(0x000000a599a00000,0x000000a599b00000) (1024K)]
  0x00000279e645aff0 JavaThread "Java indexing"              daemon [_thread_blocked, id=22836, stack(0x000000a599c00000,0x000000a599d00000) (1024K)]
  0x00000279e645b680 JavaThread "Timer-1"                           [_thread_blocked, id=22852, stack(0x000000a599d00000,0x000000a599e00000) (1024K)]
  0x00000279e580b280 JavaThread "Thread-4"                   daemon [_thread_in_native, id=15472, stack(0x000000a599f00000,0x000000a59a000000) (1024K)]
  0x00000279e580ccc0 JavaThread "Thread-5"                   daemon [_thread_in_native, id=22268, stack(0x000000a59a000000,0x000000a59a100000) (1024K)]
  0x00000279e580e070 JavaThread "Thread-6"                   daemon [_thread_in_native, id=22572, stack(0x000000a59a100000,0x000000a59a200000) (1024K)]
  0x00000279e580d350 JavaThread "Thread-7"                   daemon [_thread_in_native, id=2756, stack(0x000000a59a200000,0x000000a59a300000) (1024K)]
  0x00000279e580bfa0 JavaThread "Thread-8"                   daemon [_thread_in_native, id=23136, stack(0x000000a59a300000,0x000000a59a400000) (1024K)]
  0x00000279e580d9e0 JavaThread "Thread-9"                   daemon [_thread_in_native, id=21732, stack(0x000000a59a400000,0x000000a59a500000) (1024K)]
  0x00000279e580abf0 JavaThread "Thread-10"                  daemon [_thread_in_native, id=23316, stack(0x000000a59a500000,0x000000a59a600000) (1024K)]
  0x00000279e580b910 JavaThread "Thread-11"                  daemon [_thread_in_native, id=23312, stack(0x000000a59a600000,0x000000a59a700000) (1024K)]
  0x00000279e8b0def0 JavaThread "Thread-12"                  daemon [_thread_in_native, id=23308, stack(0x000000a59a700000,0x000000a59a800000) (1024K)]
  0x00000279e8b0b790 JavaThread "Thread-13"                  daemon [_thread_in_native, id=23304, stack(0x000000a59a800000,0x000000a59a900000) (1024K)]
  0x00000279e8b0c4b0 JavaThread "Thread-14"                  daemon [_thread_in_native, id=23300, stack(0x000000a59a900000,0x000000a59aa00000) (1024K)]
  0x00000279e8b0cb40 JavaThread "Thread-15"                  daemon [_thread_in_native, id=23336, stack(0x000000a59aa00000,0x000000a59ab00000) (1024K)]
  0x00000279e8b0d1d0 JavaThread "Thread-16"                  daemon [_thread_in_native, id=23332, stack(0x000000a59ab00000,0x000000a59ac00000) (1024K)]
  0x00000279e8b0e580 JavaThread "pool-2-thread-1"                   [_thread_blocked, id=23324, stack(0x000000a59ac00000,0x000000a59ad00000) (1024K)]
  0x00000279e8b10650 JavaThread "WorkspaceEventsHandler"            [_thread_blocked, id=2772, stack(0x000000a59ad00000,0x000000a59ae00000) (1024K)]
  0x00000279e8b0ec10 JavaThread "pool-1-thread-1"                   [_thread_blocked, id=8500, stack(0x000000a59ae00000,0x000000a59af00000) (1024K)]
  0x00000279e8b10ce0 JavaThread "Worker-5"                          [_thread_blocked, id=11080, stack(0x000000a59af00000,0x000000a59b000000) (1024K)]
  0x00000279e8b0d860 JavaThread "Timer-2"                           [_thread_blocked, id=4996, stack(0x000000a599e00000,0x000000a599f00000) (1024K)]
  0x00000279e8b11a00 JavaThread "Timer-3"                           [_thread_blocked, id=3284, stack(0x000000a59b000000,0x000000a59b100000) (1024K)]
  0x00000279e8b11370 JavaThread "Timer-4"                           [_thread_blocked, id=10408, stack(0x000000a59b100000,0x000000a59b200000) (1024K)]
  0x00000279e8b12db0 JavaThread "Timer-5"                           [_thread_blocked, id=17288, stack(0x000000a59b200000,0x000000a59b300000) (1024K)]
  0x00000279e8b12720 JavaThread "Timer-6"                           [_thread_blocked, id=20004, stack(0x000000a59b300000,0x000000a59b400000) (1024K)]
  0x00000279e8b12090 JavaThread "Timer-7"                           [_thread_blocked, id=23452, stack(0x000000a59b400000,0x000000a59b500000) (1024K)]
  0x00000279ea89f090 JavaThread "Exec process"                      [_thread_blocked, id=8524, stack(0x000000a59b700000,0x000000a59b800000) (1024K)]
  0x00000279ea8a0ad0 JavaThread "Exec process Thread 2"             [_thread_blocked, id=21324, stack(0x000000a59b800000,0x000000a59b900000) (1024K)]
  0x00000279ea89ea00 JavaThread "Exec process Thread 3"             [_thread_blocked, id=18116, stack(0x000000a59b900000,0x000000a59ba00000) (1024K)]
  0x00000279ea511e70 JavaThread "C2 CompilerThread1"         daemon [_thread_in_native, id=10452, stack(0x000000a59ba00000,0x000000a59bb00000) (1024K)]
=>0x00000279ea512540 JavaThread "C2 CompilerThread2"         daemon [_thread_in_native, id=13936, stack(0x000000a599b00000,0x000000a599c00000) (1024K)]
  0x00000279ea89fdb0 JavaThread "Timer-8"                           [_thread_blocked, id=132, stack(0x000000a59b500000,0x000000a59b600000) (1024K)]
Total: 56

Other Threads:
  0x000002798751ebb0 VMThread "VM Thread"                           [id=14240, stack(0x000000a597600000,0x000000a597700000) (1024K)]
  0x000002799ddeca00 WatcherThread "VM Periodic Task Thread"        [id=18288, stack(0x000000a597500000,0x000000a597600000) (1024K)]
  0x000002798747bb60 WorkerThread "GC Thread#0"                     [id=23388, stack(0x000000a597400000,0x000000a597500000) (1024K)]
  0x00000279e5bf7bc0 WorkerThread "GC Thread#1"                     [id=5172, stack(0x000000a598300000,0x000000a598400000) (1024K)]
  0x00000279e5873d00 WorkerThread "GC Thread#2"                     [id=22088, stack(0x000000a598400000,0x000000a598500000) (1024K)]
  0x00000279e5793a60 WorkerThread "GC Thread#3"                     [id=16804, stack(0x000000a598500000,0x000000a598600000) (1024K)]
  0x00000279e5793e00 WorkerThread "GC Thread#4"                     [id=17720, stack(0x000000a598600000,0x000000a598700000) (1024K)]
  0x00000279e55fa010 WorkerThread "GC Thread#5"                     [id=22716, stack(0x000000a598700000,0x000000a598800000) (1024K)]
  0x00000279e55fa3b0 WorkerThread "GC Thread#6"                     [id=7096, stack(0x000000a598800000,0x000000a598900000) (1024K)]
  0x00000279e5a60a00 WorkerThread "GC Thread#7"                     [id=8660, stack(0x000000a598200000,0x000000a598300000) (1024K)]
  0x00000279e5d5fb30 WorkerThread "GC Thread#8"                     [id=18748, stack(0x000000a598e00000,0x000000a598f00000) (1024K)]
  0x00000279e5d60610 WorkerThread "GC Thread#9"                     [id=4568, stack(0x000000a598f00000,0x000000a599000000) (1024K)]
Total: 12

Threads with active compile tasks:
C2 CompilerThread1  54777 7909       4       java.util.regex.Pattern::compile (537 bytes)
C2 CompilerThread2  54777 7839       4       java.io.ObjectInputStream::readClassDesc (121 bytes)
Total: 2

VM state: not at safepoint (normal execution)

VM Mutex/Monitor currently owned by a thread: None

Heap address: 0x0000000080000000, size: 2048 MB, Compressed Oops mode: 32-bit

CDS archive(s) mapped at: [0x000002799e000000-0x000002799eba0000-0x000002799eba0000), size 12189696, SharedBaseAddress: 0x000002799e000000, ArchiveRelocationMode: 1.
Compressed class space mapped at: 0x000002799f000000-0x00000279df000000, reserved size: 1073741824
Narrow klass base: 0x000002799e000000, Narrow klass shift: 0, Narrow klass range: 0x100000000

GC Precious Log:
 CardTable entry size: 512
 CPUs: 12 total, 12 available
 Memory: 16205M
 Large Page Support: Disabled
 NUMA Support: Disabled
 Compressed Oops: Enabled (32-bit)
 Alignments: Space 512K, Generation 512K, Heap 2M
 Heap Min Capacity: 100M
 Heap Initial Capacity: 100M
 Heap Max Capacity: 2G
 Pre-touch: Disabled
 Parallel Workers: 10

Heap:
 PSYoungGen      total 18432K, used 12896K [0x00000000d5580000, 0x00000000d6980000, 0x0000000100000000)
  eden space 17408K, 70% used [0x00000000d5580000,0x00000000d6178008,0x00000000d6680000)
  from space 1024K, 62% used [0x00000000d6680000,0x00000000d6720000,0x00000000d6780000)
  to   space 1536K, 0% used [0x00000000d6800000,0x00000000d6800000,0x00000000d6980000)
 ParOldGen       total 68608K, used 42325K [0x0000000080000000, 0x0000000084300000, 0x00000000d5580000)
  object space 68608K, 61% used [0x0000000080000000,0x00000000829555e8,0x0000000084300000)
 Metaspace       used 64828K, committed 66368K, reserved 1114112K
  class space    used 8249K, committed 8960K, reserved 1048576K

Card table byte_map: [0x0000027986e30000,0x0000027987240000] _byte_map_base: 0x0000027986a30000

Marking Bits: (ParMarkBitMap*) 0x00007ff90b662460
 Begin Bits: [0x0000027999910000, 0x000002799b910000)
 End Bits:   [0x000002799b910000, 0x000002799d910000)

Polling page: 0x0000027986c20000

Metaspace:

Usage:
  Non-class:     55.25 MB used.
      Class:      8.06 MB used.
       Both:     63.31 MB used.

Virtual space:
  Non-class space:       64.00 MB reserved,      56.06 MB ( 88%) committed,  1 nodes.
      Class space:        1.00 GB reserved,       8.75 MB ( <1%) committed,  1 nodes.
             Both:        1.06 GB reserved,      64.81 MB (  6%) committed. 

Chunk freelists:
   Non-Class:  7.81 MB
       Class:  7.23 MB
        Both:  15.05 MB

MaxMetaspaceSize: unlimited
CompressedClassSpaceSize: 1.00 GB
Initial GC threshold: 21.00 MB
Current GC threshold: 97.31 MB
CDS: on
 - commit_granule_bytes: 65536.
 - commit_granule_words: 8192.
 - virtual_space_node_default_size: 8388608.
 - enlarge_chunks_in_place: 1.
 - use_allocation_guard: 0.


Internal statistics:

num_allocs_failed_limit: 9.
num_arena_births: 1330.
num_arena_deaths: 26.
num_vsnodes_births: 2.
num_vsnodes_deaths: 0.
num_space_committed: 1037.
num_space_uncommitted: 0.
num_chunks_returned_to_freelist: 38.
num_chunks_taken_from_freelist: 4317.
num_chunk_merges: 14.
num_chunk_splits: 2683.
num_chunks_enlarged: 1529.
num_inconsistent_stats: 0.

CodeHeap 'non-profiled nmethods': size=120000Kb used=5023Kb max_used=5023Kb free=114976Kb
 bounds [0x0000027992130000, 0x0000027992620000, 0x0000027999660000]
CodeHeap 'profiled nmethods': size=120000Kb used=14509Kb max_used=14509Kb free=105490Kb
 bounds [0x000002798a660000, 0x000002798b490000, 0x0000027991b90000]
CodeHeap 'non-nmethods': size=5760Kb used=1393Kb max_used=1469Kb free=4367Kb
 bounds [0x0000027991b90000, 0x0000027991e00000, 0x0000027992130000]
CodeCache: size=245760Kb, used=20925Kb, max_used=21001Kb, free=224833Kb
 total_blobs=7884, nmethods=7188, adapters=602, full_count=0
Compilation: enabled, stopped_count=0, restarted_count=0

Compilation events (20 events):
Event: 53.731 Thread 0x00000279e5040dc0 nmethod 7902 0x0000027992616f10 code [0x00000279926170a0, 0x0000027992617170]
Event: 53.731 Thread 0x00000279e5040dc0 7904       1       java.lang.invoke.MethodHandleImpl$AsVarargsCollector::getTarget (5 bytes)
Event: 53.732 Thread 0x00000279e5040dc0 nmethod 7904 0x0000027992617210 code [0x00000279926173a0, 0x0000027992617468]
Event: 53.732 Thread 0x00000279e5040dc0 7905       3       java.lang.AbstractStringBuilder::inflate (42 bytes)
Event: 53.732 Thread 0x00000279e5040dc0 nmethod 7905 0x000002798b47de10 code [0x000002798b47dfe0, 0x000002798b47e2c8]
Event: 53.733 Thread 0x00000279e5040dc0 7906       3       java.util.logging.LogRecord$CallerFinder::isLoggerImplFrame (24 bytes)
Event: 53.734 Thread 0x00000279e5040dc0 nmethod 7906 0x000002798b47e410 code [0x000002798b47e5e0, 0x000002798b47e860]
Event: 53.734 Thread 0x00000279e5011f80 nmethod 7900 0x0000027992617510 code [0x00000279926176a0, 0x00000279926178c0]
Event: 53.738 Thread 0x00000279e5040dc0 7907       3       sun.security.provider.MD5::FF (27 bytes)
Event: 53.738 Thread 0x00000279e5040dc0 nmethod 7907 0x000002798b47e990 code [0x000002798b47eb40, 0x000002798b47ecc0]
Event: 53.738 Thread 0x00000279e5040dc0 7908       3       sun.security.provider.MD5::GG (27 bytes)
Event: 53.738 Thread 0x00000279e5040dc0 nmethod 7908 0x000002798b47ed90 code [0x000002798b47ef40, 0x000002798b47f0b8]
Event: 53.744 Thread 0x00000279ea511e70 7909       4       java.util.regex.Pattern::compile (537 bytes)
Event: 53.749 Thread 0x00000279e5040dc0 7910       3       org.gradle.tooling.internal.adapter.MethodInvocation::<init> (50 bytes)
Event: 53.749 Thread 0x00000279e5040dc0 nmethod 7910 0x000002798b47f190 code [0x000002798b47f340, 0x000002798b47f560]
Event: 53.749 Thread 0x00000279e5040dc0 7911       3       org.gradle.tooling.internal.adapter.MethodInvocation::setResult (11 bytes)
Event: 53.749 Thread 0x00000279e5040dc0 nmethod 7911 0x000002798b47f690 code [0x000002798b47f820, 0x000002798b47f948]
Event: 53.749 Thread 0x00000279e5040dc0 7912       3       java.util.Collections$SynchronizedCollection::iterator (10 bytes)
Event: 53.749 Thread 0x00000279e5040dc0 nmethod 7912 0x000002798b47fa10 code [0x000002798b47fbc0, 0x000002798b47fd98]
Event: 53.751 Thread 0x00000279e5040dc0 7913       3       org.gradle.internal.buildoption.BooleanBuildOption::applyFromProperty (36 bytes)

GC Heap History (20 events):
Event: 15.903 GC heap before
{Heap before GC invocations=39 (full 3):
 PSYoungGen      total 19968K, used 18831K [0x00000000d5580000, 0x00000000d6a80000, 0x0000000100000000)
  eden space 18432K, 100% used [0x00000000d5580000,0x00000000d6780000,0x00000000d6780000)
  from space 1536K, 25% used [0x00000000d6800000,0x00000000d6863cd8,0x00000000d6980000)
  to   space 1024K, 0% used [0x00000000d6980000,0x00000000d6980000,0x00000000d6a80000)
 ParOldGen       total 68608K, used 39417K [0x0000000080000000, 0x0000000084300000, 0x00000000d5580000)
  object space 68608K, 57% used [0x0000000080000000,0x000000008267e620,0x0000000084300000)
 Metaspace       used 59780K, committed 61120K, reserved 1114112K
  class space    used 7588K, committed 8192K, reserved 1048576K
}
Event: 15.904 GC heap after
{Heap after GC invocations=39 (full 3):
 PSYoungGen      total 18944K, used 160K [0x00000000d5580000, 0x00000000d6a00000, 0x0000000100000000)
  eden space 18432K, 0% used [0x00000000d5580000,0x00000000d5580000,0x00000000d6780000)
  from space 512K, 31% used [0x00000000d6980000,0x00000000d69a8000,0x00000000d6a00000)
  to   space 512K, 0% used [0x00000000d6900000,0x00000000d6900000,0x00000000d6980000)
 ParOldGen       total 68608K, used 39433K [0x0000000080000000, 0x0000000084300000, 0x00000000d5580000)
  object space 68608K, 57% used [0x0000000080000000,0x0000000082682620,0x0000000084300000)
 Metaspace       used 59780K, committed 61120K, reserved 1114112K
  class space    used 7588K, committed 8192K, reserved 1048576K
}
Event: 16.057 GC heap before
{Heap before GC invocations=40 (full 3):
 PSYoungGen      total 18944K, used 18592K [0x00000000d5580000, 0x00000000d6a00000, 0x0000000100000000)
  eden space 18432K, 100% used [0x00000000d5580000,0x00000000d6780000,0x00000000d6780000)
  from space 512K, 31% used [0x00000000d6980000,0x00000000d69a8000,0x00000000d6a00000)
  to   space 512K, 0% used [0x00000000d6900000,0x00000000d6900000,0x00000000d6980000)
 ParOldGen       total 68608K, used 39433K [0x0000000080000000, 0x0000000084300000, 0x00000000d5580000)
  object space 68608K, 57% used [0x0000000080000000,0x0000000082682620,0x0000000084300000)
 Metaspace       used 59780K, committed 61120K, reserved 1114112K
  class space    used 7588K, committed 8192K, reserved 1048576K
}
Event: 16.058 GC heap after
{Heap after GC invocations=40 (full 3):
 PSYoungGen      total 18944K, used 496K [0x00000000d5580000, 0x00000000d6a80000, 0x0000000100000000)
  eden space 18432K, 0% used [0x00000000d5580000,0x00000000d5580000,0x00000000d6780000)
  from space 512K, 96% used [0x00000000d6900000,0x00000000d697c280,0x00000000d6980000)
  to   space 1024K, 0% used [0x00000000d6980000,0x00000000d6980000,0x00000000d6a80000)
 ParOldGen       total 68608K, used 40105K [0x0000000080000000, 0x0000000084300000, 0x00000000d5580000)
  object space 68608K, 58% used [0x0000000080000000,0x000000008272a428,0x0000000084300000)
 Metaspace       used 59780K, committed 61120K, reserved 1114112K
  class space    used 7588K, committed 8192K, reserved 1048576K
}
Event: 16.227 GC heap before
{Heap before GC invocations=41 (full 3):
 PSYoungGen      total 18944K, used 18928K [0x00000000d5580000, 0x00000000d6a80000, 0x0000000100000000)
  eden space 18432K, 100% used [0x00000000d5580000,0x00000000d6780000,0x00000000d6780000)
  from space 512K, 96% used [0x00000000d6900000,0x00000000d697c280,0x00000000d6980000)
  to   space 1024K, 0% used [0x00000000d6980000,0x00000000d6980000,0x00000000d6a80000)
 ParOldGen       total 68608K, used 40105K [0x0000000080000000, 0x0000000084300000, 0x00000000d5580000)
  object space 68608K, 58% used [0x0000000080000000,0x000000008272a428,0x0000000084300000)
 Metaspace       used 59781K, committed 61120K, reserved 1114112K
  class space    used 7588K, committed 8192K, reserved 1048576K
}
Event: 16.228 GC heap after
{Heap after GC invocations=41 (full 3):
 PSYoungGen      total 19456K, used 1003K [0x00000000d5580000, 0x00000000d6a80000, 0x0000000100000000)
  eden space 18432K, 0% used [0x00000000d5580000,0x00000000d5580000,0x00000000d6780000)
  from space 1024K, 97% used [0x00000000d6980000,0x00000000d6a7ac58,0x00000000d6a80000)
  to   space 1536K, 0% used [0x00000000d6780000,0x00000000d6780000,0x00000000d6900000)
 ParOldGen       total 68608K, used 40319K [0x0000000080000000, 0x0000000084300000, 0x00000000d5580000)
  object space 68608K, 58% used [0x0000000080000000,0x000000008275ffc8,0x0000000084300000)
 Metaspace       used 59781K, committed 61120K, reserved 1114112K
  class space    used 7588K, committed 8192K, reserved 1048576K
}
Event: 16.431 GC heap before
{Heap before GC invocations=42 (full 3):
 PSYoungGen      total 19456K, used 19435K [0x00000000d5580000, 0x00000000d6a80000, 0x0000000100000000)
  eden space 18432K, 100% used [0x00000000d5580000,0x00000000d6780000,0x00000000d6780000)
  from space 1024K, 97% used [0x00000000d6980000,0x00000000d6a7ac58,0x00000000d6a80000)
  to   space 1536K, 0% used [0x00000000d6780000,0x00000000d6780000,0x00000000d6900000)
 ParOldGen       total 68608K, used 40319K [0x0000000080000000, 0x0000000084300000, 0x00000000d5580000)
  object space 68608K, 58% used [0x0000000080000000,0x000000008275ffc8,0x0000000084300000)
 Metaspace       used 59781K, committed 61120K, reserved 1114112K
  class space    used 7588K, committed 8192K, reserved 1048576K
}
Event: 16.432 GC heap after
{Heap after GC invocations=42 (full 3):
 PSYoungGen      total 19968K, used 915K [0x00000000d5580000, 0x00000000d6a80000, 0x0000000100000000)
  eden space 18432K, 0% used [0x00000000d5580000,0x00000000d5580000,0x00000000d6780000)
  from space 1536K, 59% used [0x00000000d6780000,0x00000000d6864e10,0x00000000d6900000)
  to   space 1536K, 0% used [0x00000000d6900000,0x00000000d6900000,0x00000000d6a80000)
 ParOldGen       total 68608K, used 40391K [0x0000000080000000, 0x0000000084300000, 0x00000000d5580000)
  object space 68608K, 58% used [0x0000000080000000,0x0000000082771fc8,0x0000000084300000)
 Metaspace       used 59781K, committed 61120K, reserved 1114112K
  class space    used 7588K, committed 8192K, reserved 1048576K
}
Event: 16.623 GC heap before
{Heap before GC invocations=43 (full 3):
 PSYoungGen      total 19968K, used 19347K [0x00000000d5580000, 0x00000000d6a80000, 0x0000000100000000)
  eden space 18432K, 100% used [0x00000000d5580000,0x00000000d6780000,0x00000000d6780000)
  from space 1536K, 59% used [0x00000000d6780000,0x00000000d6864e10,0x00000000d6900000)
  to   space 1536K, 0% used [0x00000000d6900000,0x00000000d6900000,0x00000000d6a80000)
 ParOldGen       total 68608K, used 40391K [0x0000000080000000, 0x0000000084300000, 0x00000000d5580000)
  object space 68608K, 58% used [0x0000000080000000,0x0000000082771fc8,0x0000000084300000)
 Metaspace       used 59781K, committed 61120K, reserved 1114112K
  class space    used 7588K, committed 8192K, reserved 1048576K
}
Event: 16.624 GC heap after
{Heap after GC invocations=43 (full 3):
 PSYoungGen      total 18944K, used 288K [0x00000000d5580000, 0x00000000d6980000, 0x0000000100000000)
  eden space 18432K, 0% used [0x00000000d5580000,0x00000000d5580000,0x00000000d6780000)
  from space 512K, 56% used [0x00000000d6900000,0x00000000d6948000,0x00000000d6980000)
  to   space 1024K, 0% used [0x00000000d6780000,0x00000000d6780000,0x00000000d6880000)
 ParOldGen       total 68608K, used 40423K [0x0000000080000000, 0x0000000084300000, 0x00000000d5580000)
  object space 68608K, 58% used [0x0000000080000000,0x0000000082779fc8,0x0000000084300000)
 Metaspace       used 59781K, committed 61120K, reserved 1114112K
  class space    used 7588K, committed 8192K, reserved 1048576K
}
Event: 16.805 GC heap before
{Heap before GC invocations=44 (full 3):
 PSYoungGen      total 18944K, used 18720K [0x00000000d5580000, 0x00000000d6980000, 0x0000000100000000)
  eden space 18432K, 100% used [0x00000000d5580000,0x00000000d6780000,0x00000000d6780000)
  from space 512K, 56% used [0x00000000d6900000,0x00000000d6948000,0x00000000d6980000)
  to   space 1024K, 0% used [0x00000000d6780000,0x00000000d6780000,0x00000000d6880000)
 ParOldGen       total 68608K, used 40423K [0x0000000080000000, 0x0000000084300000, 0x00000000d5580000)
  object space 68608K, 58% used [0x0000000080000000,0x0000000082779fc8,0x0000000084300000)
 Metaspace       used 59781K, committed 61120K, reserved 1114112K
  class space    used 7588K, committed 8192K, reserved 1048576K
}
Event: 16.805 GC heap after
{Heap after GC invocations=44 (full 3):
 PSYoungGen      total 19456K, used 273K [0x00000000d5580000, 0x00000000d6980000, 0x0000000100000000)
  eden space 18432K, 0% used [0x00000000d5580000,0x00000000d5580000,0x00000000d6780000)
  from space 1024K, 26% used [0x00000000d6780000,0x00000000d67c4640,0x00000000d6880000)
  to   space 512K, 0% used [0x00000000d6900000,0x00000000d6900000,0x00000000d6980000)
 ParOldGen       total 68608K, used 40574K [0x0000000080000000, 0x0000000084300000, 0x00000000d5580000)
  object space 68608K, 59% used [0x0000000080000000,0x000000008279f9e8,0x0000000084300000)
 Metaspace       used 59781K, committed 61120K, reserved 1114112K
  class space    used 7588K, committed 8192K, reserved 1048576K
}
Event: 17.106 GC heap before
{Heap before GC invocations=45 (full 3):
 PSYoungGen      total 19456K, used 18705K [0x00000000d5580000, 0x00000000d6980000, 0x0000000100000000)
  eden space 18432K, 100% used [0x00000000d5580000,0x00000000d6780000,0x00000000d6780000)
  from space 1024K, 26% used [0x00000000d6780000,0x00000000d67c4640,0x00000000d6880000)
  to   space 512K, 0% used [0x00000000d6900000,0x00000000d6900000,0x00000000d6980000)
 ParOldGen       total 68608K, used 40574K [0x0000000080000000, 0x0000000084300000, 0x00000000d5580000)
  object space 68608K, 59% used [0x0000000080000000,0x000000008279f9e8,0x0000000084300000)
 Metaspace       used 61755K, committed 63232K, reserved 1114112K
  class space    used 7905K, committed 8576K, reserved 1048576K
}
Event: 17.107 GC heap after
{Heap after GC invocations=45 (full 3):
 PSYoungGen      total 18944K, used 512K [0x00000000d5580000, 0x00000000d6980000, 0x0000000100000000)
  eden space 18432K, 0% used [0x00000000d5580000,0x00000000d5580000,0x00000000d6780000)
  from space 512K, 100% used [0x00000000d6900000,0x00000000d6980000,0x00000000d6980000)
  to   space 1024K, 0% used [0x00000000d6780000,0x00000000d6780000,0x00000000d6880000)
 ParOldGen       total 68608K, used 40750K [0x0000000080000000, 0x0000000084300000, 0x00000000d5580000)
  object space 68608K, 59% used [0x0000000080000000,0x00000000827cba08,0x0000000084300000)
 Metaspace       used 61755K, committed 63232K, reserved 1114112K
  class space    used 7905K, committed 8576K, reserved 1048576K
}
Event: 28.050 GC heap before
{Heap before GC invocations=46 (full 3):
 PSYoungGen      total 18944K, used 18944K [0x00000000d5580000, 0x00000000d6980000, 0x0000000100000000)
  eden space 18432K, 100% used [0x00000000d5580000,0x00000000d6780000,0x00000000d6780000)
  from space 512K, 100% used [0x00000000d6900000,0x00000000d6980000,0x00000000d6980000)
  to   space 1024K, 0% used [0x00000000d6780000,0x00000000d6780000,0x00000000d6880000)
 ParOldGen       total 68608K, used 40750K [0x0000000080000000, 0x0000000084300000, 0x00000000d5580000)
  object space 68608K, 59% used [0x0000000080000000,0x00000000827cba08,0x0000000084300000)
 Metaspace       used 63708K, committed 65152K, reserved 1114112K
  class space    used 8148K, committed 8832K, reserved 1048576K
}
Event: 28.052 GC heap after
{Heap after GC invocations=46 (full 3):
 PSYoungGen      total 19456K, used 912K [0x00000000d5580000, 0x00000000d6980000, 0x0000000100000000)
  eden space 18432K, 0% used [0x00000000d5580000,0x00000000d5580000,0x00000000d6780000)
  from space 1024K, 89% used [0x00000000d6780000,0x00000000d6864020,0x00000000d6880000)
  to   space 1024K, 0% used [0x00000000d6880000,0x00000000d6880000,0x00000000d6980000)
 ParOldGen       total 68608K, used 41262K [0x0000000080000000, 0x0000000084300000, 0x00000000d5580000)
  object space 68608K, 60% used [0x0000000080000000,0x000000008284ba18,0x0000000084300000)
 Metaspace       used 63708K, committed 65152K, reserved 1114112K
  class space    used 8148K, committed 8832K, reserved 1048576K
}
Event: 34.943 GC heap before
{Heap before GC invocations=47 (full 3):
 PSYoungGen      total 19456K, used 19344K [0x00000000d5580000, 0x00000000d6980000, 0x0000000100000000)
  eden space 18432K, 100% used [0x00000000d5580000,0x00000000d6780000,0x00000000d6780000)
  from space 1024K, 89% used [0x00000000d6780000,0x00000000d6864020,0x00000000d6880000)
  to   space 1024K, 0% used [0x00000000d6880000,0x00000000d6880000,0x00000000d6980000)
 ParOldGen       total 68608K, used 41262K [0x0000000080000000, 0x0000000084300000, 0x00000000d5580000)
  object space 68608K, 60% used [0x0000000080000000,0x000000008284ba18,0x0000000084300000)
 Metaspace       used 64012K, committed 65472K, reserved 1114112K
  class space    used 8152K, committed 8832K, reserved 1048576K
}
Event: 34.947 GC heap after
{Heap after GC invocations=47 (full 3):
 PSYoungGen      total 18432K, used 992K [0x00000000d5580000, 0x00000000d6b80000, 0x0000000100000000)
  eden space 17408K, 0% used [0x00000000d5580000,0x00000000d5580000,0x00000000d6680000)
  from space 1024K, 96% used [0x00000000d6880000,0x00000000d6978030,0x00000000d6980000)
  to   space 2048K, 0% used [0x00000000d6680000,0x00000000d6680000,0x00000000d6880000)
 ParOldGen       total 68608K, used 42093K [0x0000000080000000, 0x0000000084300000, 0x00000000d5580000)
  object space 68608K, 61% used [0x0000000080000000,0x000000008291b5e8,0x0000000084300000)
 Metaspace       used 64012K, committed 65472K, reserved 1114112K
  class space    used 8152K, committed 8832K, reserved 1048576K
}
Event: 52.437 GC heap before
{Heap before GC invocations=48 (full 3):
 PSYoungGen      total 18432K, used 18400K [0x00000000d5580000, 0x00000000d6b80000, 0x0000000100000000)
  eden space 17408K, 100% used [0x00000000d5580000,0x00000000d6680000,0x00000000d6680000)
  from space 1024K, 96% used [0x00000000d6880000,0x00000000d6978030,0x00000000d6980000)
  to   space 2048K, 0% used [0x00000000d6680000,0x00000000d6680000,0x00000000d6880000)
 ParOldGen       total 68608K, used 42093K [0x0000000080000000, 0x0000000084300000, 0x00000000d5580000)
  object space 68608K, 61% used [0x0000000080000000,0x000000008291b5e8,0x0000000084300000)
 Metaspace       used 64416K, committed 65920K, reserved 1114112K
  class space    used 8191K, committed 8896K, reserved 1048576K
}
Event: 52.438 GC heap after
{Heap after GC invocations=48 (full 3):
 PSYoungGen      total 18432K, used 640K [0x00000000d5580000, 0x00000000d6980000, 0x0000000100000000)
  eden space 17408K, 0% used [0x00000000d5580000,0x00000000d5580000,0x00000000d6680000)
  from space 1024K, 62% used [0x00000000d6680000,0x00000000d6720000,0x00000000d6780000)
  to   space 1536K, 0% used [0x00000000d6800000,0x00000000d6800000,0x00000000d6980000)
 ParOldGen       total 68608K, used 42325K [0x0000000080000000, 0x0000000084300000, 0x00000000d5580000)
  object space 68608K, 61% used [0x0000000080000000,0x00000000829555e8,0x0000000084300000)
 Metaspace       used 64416K, committed 65920K, reserved 1114112K
  class space    used 8191K, committed 8896K, reserved 1048576K
}

Dll operation events (15 events):
Event: 0.018 Loaded shared library c:\Users\USER\.vscode\extensions\redhat.java-1.52.0-win32-x64\jre\21.0.9-win32-x86_64\bin\java.dll
Event: 2.318 Loaded shared library c:\Users\USER\.vscode\extensions\redhat.java-1.52.0-win32-x64\jre\21.0.9-win32-x86_64\bin\zip.dll
Event: 2.373 Loaded shared library C:\Users\USER\.vscode\extensions\redhat.java-1.52.0-win32-x64\jre\21.0.9-win32-x86_64\bin\instrument.dll
Event: 2.381 Loaded shared library C:\Users\USER\.vscode\extensions\redhat.java-1.52.0-win32-x64\jre\21.0.9-win32-x86_64\bin\net.dll
Event: 2.384 Loaded shared library C:\Users\USER\.vscode\extensions\redhat.java-1.52.0-win32-x64\jre\21.0.9-win32-x86_64\bin\nio.dll
Event: 2.390 Loaded shared library C:\Users\USER\.vscode\extensions\redhat.java-1.52.0-win32-x64\jre\21.0.9-win32-x86_64\bin\zip.dll
Event: 2.418 Loaded shared library C:\Users\USER\.vscode\extensions\redhat.java-1.52.0-win32-x64\jre\21.0.9-win32-x86_64\bin\jimage.dll
Event: 2.527 Loaded shared library c:\Users\USER\.vscode\extensions\redhat.java-1.52.0-win32-x64\jre\21.0.9-win32-x86_64\bin\verify.dll
Event: 5.343 Loaded shared library C:\Users\USER\AppData\Roaming\Code\User\globalStorage\redhat.java\1.52.0\config_win\org.eclipse.equinox.launcher\org.eclipse.equinox.launcher.win32.win32.x86_64_1.2.1500.v20260121-1430\eclipse_11919.dll
Event: 6.972 Loaded shared library C:\Users\USER\AppData\Local\Temp\jna-2614219\jna12180151779327793726.dll
Event: 10.791 Loaded shared library C:\Users\USER\.gradle\native\1def1411415f61bf3af743bc5b6707747c0891f09f0c88961ee8f79bc544acac\windows-amd64\native-platform.dll
Event: 13.252 Loaded shared library C:\Users\USER\.vscode\extensions\redhat.java-1.52.0-win32-x64\jre\21.0.9-win32-x86_64\bin\management.dll
Event: 13.256 Loaded shared library C:\Users\USER\.vscode\extensions\redhat.java-1.52.0-win32-x64\jre\21.0.9-win32-x86_64\bin\management_ext.dll
Event: 16.891 Loaded shared library C:\Users\USER\.vscode\extensions\redhat.java-1.52.0-win32-x64\jre\21.0.9-win32-x86_64\bin\extnet.dll
Event: 21.335 Loaded shared library C:\Users\USER\.vscode\extensions\redhat.java-1.52.0-win32-x64\jre\21.0.9-win32-x86_64\bin\sunmscapi.dll

Deoptimization events (20 events):
Event: 52.651 Thread 0x00000279e580c630 DEOPT PACKING pc=0x00000279926041f4 sp=0x000000a59b5fd880
Event: 52.651 Thread 0x00000279e580c630 DEOPT UNPACKING pc=0x0000027991be3aa2 sp=0x000000a59b5fd738 mode 2
Event: 52.652 Thread 0x00000279e580c630 Uncommon trap: trap_request=0xffffff45 fr.pc=0x00000279925e34a0 relative=0x0000000000000260
Event: 52.652 Thread 0x00000279e580c630 Uncommon trap: reason=unstable_if action=reinterpret pc=0x00000279925e34a0 method=java.io.ObjectStreamClass$FieldReflector.setObjFieldValues(Ljava/lang/Object;[Ljava/lang/Object;Z)V @ 56 c2
Event: 52.652 Thread 0x00000279e580c630 DEOPT PACKING pc=0x00000279925e34a0 sp=0x000000a59b5fd9a0
Event: 52.652 Thread 0x00000279e580c630 DEOPT UNPACKING pc=0x0000027991be3aa2 sp=0x000000a59b5fd7e0 mode 2
Event: 53.708 Thread 0x00000279e580c630 Uncommon trap: trap_request=0xffffffde fr.pc=0x00000279925f0b1c relative=0x000000000000039c
Event: 53.708 Thread 0x00000279e580c630 Uncommon trap: reason=class_check action=maybe_recompile pc=0x00000279925f0b1c method=java.io.ObjectInputStream$PeekInputStream.read()I @ 23 c2
Event: 53.708 Thread 0x00000279e580c630 DEOPT PACKING pc=0x00000279925f0b1c sp=0x000000a59b5fd600
Event: 53.708 Thread 0x00000279e580c630 DEOPT UNPACKING pc=0x0000027991be3aa2 sp=0x000000a59b5fd580 mode 2
Event: 53.716 Thread 0x00000279e580c630 Uncommon trap: trap_request=0xffffffde fr.pc=0x00000279925f0b1c relative=0x000000000000039c
Event: 53.716 Thread 0x00000279e580c630 Uncommon trap: reason=class_check action=maybe_recompile pc=0x00000279925f0b1c method=java.io.ObjectInputStream$PeekInputStream.read()I @ 23 c2
Event: 53.716 Thread 0x00000279e580c630 DEOPT PACKING pc=0x00000279925f0b1c sp=0x000000a59b5fd470
Event: 53.716 Thread 0x00000279e580c630 DEOPT UNPACKING pc=0x0000027991be3aa2 sp=0x000000a59b5fd3f0 mode 2
Event: 53.730 Thread 0x00000279e645dde0 DEOPT PACKING pc=0x000002798b4050fe sp=0x000000a5999fdc00
Event: 53.730 Thread 0x00000279e645dde0 DEOPT UNPACKING pc=0x0000027991be4242 sp=0x000000a5999fd070 mode 0
Event: 53.730 Thread 0x00000279e645dde0 DEOPT PACKING pc=0x000002798b4050fe sp=0x000000a5999fdc00
Event: 53.730 Thread 0x00000279e645dde0 DEOPT UNPACKING pc=0x0000027991be4242 sp=0x000000a5999fd070 mode 0
Event: 53.730 Thread 0x00000279e645dde0 DEOPT PACKING pc=0x000002798b4050fe sp=0x000000a5999fdc00
Event: 53.730 Thread 0x00000279e645dde0 DEOPT UNPACKING pc=0x0000027991be4242 sp=0x000000a5999fd070 mode 0

Classes loaded (20 events):
Event: 34.986 Loading class sun/util/resources/TimeZoneNamesBundle done
Event: 34.986 Loading class sun/util/resources/cldr/TimeZoneNames done
Event: 34.986 Loading class sun/util/resources/cldr/TimeZoneNames_en
Event: 34.989 Loading class sun/util/resources/cldr/TimeZoneNames_en done
Event: 34.989 Loading class sun/util/resources/cldr/TimeZoneNames_en_US
Event: 34.989 Loading class sun/util/resources/cldr/TimeZoneNames_en_US done
Event: 34.991 Loading class sun/util/cldr/CLDRBaseLocaleDataMetaInfo$TZCanonicalIDMapHolder
Event: 34.993 Loading class sun/util/cldr/CLDRBaseLocaleDataMetaInfo$TZCanonicalIDMapHolder done
Event: 34.998 Loading class sun/util/resources/TimeZoneNames
Event: 35.000 Loading class sun/util/resources/TimeZoneNames done
Event: 35.001 Loading class sun/util/resources/TimeZoneNames_en
Event: 35.001 Loading class sun/util/resources/TimeZoneNames_en done
Event: 36.648 Loading class java/time/Ser
Event: 36.648 Loading class java/time/Ser done
Event: 52.529 Loading class java/net/Proxy
Event: 52.529 Loading class java/net/Proxy done
Event: 52.547 Loading class java/util/concurrent/ConcurrentLinkedQueue$Itr
Event: 52.547 Loading class java/util/concurrent/ConcurrentLinkedQueue$Itr done
Event: 53.725 Loading class sun/misc/SharedSecrets
Event: 53.725 Loading class sun/misc/SharedSecrets done

Classes unloaded (13 events):
Event: 7.480 Thread 0x000002798751ebb0 Unloading class 0x000002799f1ab400 'java/lang/invoke/LambdaForm$MH+0x000002799f1ab400'
Event: 7.480 Thread 0x000002798751ebb0 Unloading class 0x000002799f1ab000 'java/lang/invoke/LambdaForm$MH+0x000002799f1ab000'
Event: 7.480 Thread 0x000002798751ebb0 Unloading class 0x000002799f1aac00 'java/lang/invoke/LambdaForm$MH+0x000002799f1aac00'
Event: 7.480 Thread 0x000002798751ebb0 Unloading class 0x000002799f1aa800 'java/lang/invoke/LambdaForm$MH+0x000002799f1aa800'
Event: 7.480 Thread 0x000002798751ebb0 Unloading class 0x000002799f1aa400 'java/lang/invoke/LambdaForm$BMH+0x000002799f1aa400'
Event: 7.480 Thread 0x000002798751ebb0 Unloading class 0x000002799f1aa000 'java/lang/invoke/LambdaForm$DMH+0x000002799f1aa000'
Event: 7.480 Thread 0x000002798751ebb0 Unloading class 0x000002799f1a8c00 'java/lang/invoke/LambdaForm$DMH+0x000002799f1a8c00'
Event: 8.835 Thread 0x000002798751ebb0 Unloading class 0x000002799f3bcc00 'java/lang/invoke/LambdaForm$MH+0x000002799f3bcc00'
Event: 8.835 Thread 0x000002798751ebb0 Unloading class 0x000002799f3bc000 'java/lang/invoke/LambdaForm$MH+0x000002799f3bc000'
Event: 8.835 Thread 0x000002798751ebb0 Unloading class 0x000002799f3bb800 'java/lang/invoke/LambdaForm$MH+0x000002799f3bb800'
Event: 8.835 Thread 0x000002798751ebb0 Unloading class 0x000002799f3bb000 'java/lang/invoke/LambdaForm$MH+0x000002799f3bb000'
Event: 8.835 Thread 0x000002798751ebb0 Unloading class 0x000002799f3bac00 'java/lang/invoke/LambdaForm$DMH+0x000002799f3bac00'
Event: 8.835 Thread 0x000002798751ebb0 Unloading class 0x000002799f3ba000 'java/lang/invoke/LambdaForm$MH+0x000002799f3ba000'

Classes redefined (0 events):
No events

Internal exceptions (20 events):
Event: 52.543 Thread 0x00000279e580c630 Exception <a 'java/lang/NoSuchMethodError'{0x00000000d56b1b48}: static Lorg/gradle/internal/classloader/CachingClassLoader$Spec;.<clinit>()V> (0x00000000d56b1b48) 
thrown [s\src\hotspot\share\prims\jni.cpp, line 1111]
Event: 52.555 Thread 0x00000279e580c630 Exception <a 'java/lang/NoSuchMethodError'{0x00000000d57399c0}: static [B.<clinit>()V> (0x00000000d57399c0) 
thrown [s\src\hotspot\share\prims\jni.cpp, line 1111]
Event: 52.650 Thread 0x00000279e580c630 Exception <a 'java/lang/NoSuchMethodError'{0x00000000d5bf7188}: static Lorg/jetbrains/kotlin/gradle/tasks/FailedCompilationException;.<clinit>()V> (0x00000000d5bf7188) 
thrown [s\src\hotspot\share\prims\jni.cpp, line 1111]
Event: 52.650 Thread 0x00000279e580c630 Exception <a 'java/lang/NoSuchMethodError'{0x00000000d5bf8808}: static Lorg/jetbrains/kotlin/gradle/tasks/CompilationErrorException;.<clinit>()V> (0x00000000d5bf8808) 
thrown [s\src\hotspot\share\prims\jni.cpp, line 1111]
Event: 52.651 Thread 0x00000279e580c630 Exception <a 'java/lang/NoSuchMethodError'{0x00000000d5c011c0}: static [Ljava/lang/StackTraceElement;.<clinit>()V> (0x00000000d5c011c0) 
thrown [s\src\hotspot\share\prims\jni.cpp, line 1111]
Event: 52.685 Thread 0x00000279e580c630 Exception <a 'java/lang/NoSuchMethodError'{0x00000000d5d37fc0}: static Lorg/gradle/workers/internal/DefaultWorkerExecutor$WorkExecutionException;.<clinit>()V> (0x00000000d5d37fc0) 
thrown [s\src\hotspot\share\prims\jni.cpp, line 1111]
Event: 52.773 Thread 0x00000279e8b12db0 Exception <a 'java/io/IOException'{0x00000000d5d73ca0}> (0x00000000d5d73ca0) 
thrown [s\src\hotspot\share\prims\jni.cpp, line 520]
Event: 52.774 Thread 0x00000279e8b12db0 Exception <a 'java/io/IOException'{0x00000000d5d80328}> (0x00000000d5d80328) 
thrown [s\src\hotspot\share\prims\jni.cpp, line 520]
Event: 52.774 Thread 0x00000279e8b12db0 Exception <a 'java/io/IOException'{0x00000000d5d85098}> (0x00000000d5d85098) 
thrown [s\src\hotspot\share\prims\jni.cpp, line 520]
Event: 52.774 Thread 0x00000279e8b12db0 Exception <a 'java/io/IOException'{0x00000000d5d92b48}> (0x00000000d5d92b48) 
thrown [s\src\hotspot\share\prims\jni.cpp, line 520]
Event: 53.275 Thread 0x00000279e8b12db0 Exception <a 'java/io/IOException'{0x00000000d5d9ab38}> (0x00000000d5d9ab38) 
thrown [s\src\hotspot\share\prims\jni.cpp, line 520]
Event: 53.707 Thread 0x00000279e8b12db0 Exception <a 'java/io/IOException'{0x00000000d5da9f30}> (0x00000000d5da9f30) 
thrown [s\src\hotspot\share\prims\jni.cpp, line 520]
Event: 53.707 Thread 0x00000279e8b12db0 Exception <a 'java/io/IOException'{0x00000000d5dad430}> (0x00000000d5dad430) 
thrown [s\src\hotspot\share\prims\jni.cpp, line 520]
Event: 53.708 Thread 0x00000279e8b12db0 Exception <a 'java/io/IOException'{0x00000000d5dbae70}> (0x00000000d5dbae70) 
thrown [s\src\hotspot\share\prims\jni.cpp, line 520]
Event: 53.716 Thread 0x00000279e580c630 Exception <a 'java/lang/NoSuchMethodError'{0x00000000d5de1310}: static Lorg/gradle/tooling/internal/protocol/InternalBuildActionFailureException;.<clinit>()V> (0x00000000d5de1310) 
thrown [s\src\hotspot\share\prims\jni.cpp, line 1111]
Event: 53.725 Thread 0x00000279e645dde0 Exception <a 'java/lang/ClassNotFoundException'{0x00000000d5e7df18}: sun/misc/SharedSecrets> (0x00000000d5e7df18) 
thrown [s\src\hotspot\share\classfile\systemDictionary.cpp, line 312]
Event: 53.726 Thread 0x00000279e645dde0 Exception <a 'java/lang/NoSuchMethodError'{0x00000000d5ecc828}: 'void java.lang.invoke.DirectMethodHandle$Holder.invokeStatic(java.lang.Object, int, java.lang.Object)'> (0x00000000d5ecc828) 
thrown [s\src\hotspot\share\interpreter\linkResolver.cpp, line 773]
Event: 53.727 Thread 0x00000279e645dde0 Exception <a 'java/lang/NoSuchMethodError'{0x00000000d5eda4a0}: 'void java.lang.invoke.DirectMethodHandle$Holder.invokeSpecialIFC(java.lang.Object, java.lang.Object, java.lang.Object, java.lang.Object)'> (0x00000000d5eda4a0) 
thrown [s\src\hotspot\share\interpreter\linkResolver.cpp, line 773]
Event: 53.733 Thread 0x00000279e645dde0 Exception <a 'java/io/IOException'{0x00000000d5f956b0}> (0x00000000d5f956b0) 
thrown [s\src\hotspot\share\prims\jni.cpp, line 520]
Event: 53.734 Thread 0x00000279e645dde0 Exception <a 'java/io/IOException'{0x00000000d5ffe1a0}> (0x00000000d5ffe1a0) 
thrown [s\src\hotspot\share\prims\jni.cpp, line 520]

ZGC Phase Switch (0 events):
No events

VM Operations (20 events):
Event: 39.359 Executing VM operation: Cleanup done
Event: 40.360 Executing VM operation: Cleanup
Event: 40.360 Executing VM operation: Cleanup done
Event: 49.442 Executing VM operation: Cleanup
Event: 49.442 Executing VM operation: Cleanup done
Event: 50.447 Executing VM operation: Cleanup
Event: 51.421 Executing VM operation: Cleanup done
Event: 52.431 Executing VM operation: Cleanup
Event: 52.431 Executing VM operation: Cleanup done
Event: 52.437 Executing VM operation: ParallelGCFailedAllocation (Allocation Failure)
Event: 52.438 Executing VM operation: ParallelGCFailedAllocation (Allocation Failure) done
Event: 52.551 Executing VM operation: HandshakeAllThreads (Deoptimize)
Event: 52.552 Executing VM operation: HandshakeAllThreads (Deoptimize) done
Event: 53.553 Executing VM operation: Cleanup
Event: 53.707 Executing VM operation: Cleanup done
Event: 53.713 Executing VM operation: HandshakeAllThreads (Deoptimize)
Event: 53.713 Executing VM operation: HandshakeAllThreads (Deoptimize) done
Event: 53.715 Executing VM operation: HandshakeAllThreads (Deoptimize)
Event: 53.715 Executing VM operation: HandshakeAllThreads (Deoptimize) done
Event: 54.721 Executing VM operation: Cleanup

Memory protections (0 events):
No events

Nmethod flushes (20 events):
Event: 14.849 Thread 0x000002798751ebb0 flushing  nmethod 0x000002798aeba110
Event: 14.849 Thread 0x000002798751ebb0 flushing  nmethod 0x000002798aebe590
Event: 14.849 Thread 0x000002798751ebb0 flushing  nmethod 0x000002798aec4e90
Event: 14.849 Thread 0x000002798751ebb0 flushing  nmethod 0x000002798aec7e10
Event: 14.849 Thread 0x000002798751ebb0 flushing  nmethod 0x000002798aec8810
Event: 14.849 Thread 0x000002798751ebb0 flushing  nmethod 0x000002798aec8c90
Event: 14.849 Thread 0x000002798751ebb0 flushing  nmethod 0x000002798aeca110
Event: 14.849 Thread 0x000002798751ebb0 flushing  nmethod 0x000002798aedda10
Event: 14.849 Thread 0x000002798751ebb0 flushing  nmethod 0x000002798aef3f10
Event: 14.849 Thread 0x000002798751ebb0 flushing  nmethod 0x000002798aef5310
Event: 14.849 Thread 0x000002798751ebb0 flushing  nmethod 0x000002798aef5910
Event: 14.849 Thread 0x000002798751ebb0 flushing  nmethod 0x000002798aef6190
Event: 14.849 Thread 0x000002798751ebb0 flushing  nmethod 0x000002798aef7210
Event: 14.849 Thread 0x000002798751ebb0 flushing  nmethod 0x000002798aefcc10
Event: 14.849 Thread 0x000002798751ebb0 flushing  nmethod 0x000002798af28490
Event: 14.849 Thread 0x000002798751ebb0 flushing  nmethod 0x000002798af28790
Event: 14.849 Thread 0x000002798751ebb0 flushing  nmethod 0x000002798af29990
Event: 14.849 Thread 0x000002798751ebb0 flushing  nmethod 0x000002798af33910
Event: 14.849 Thread 0x000002798751ebb0 flushing  nmethod 0x000002798af4c710
Event: 14.849 Thread 0x000002798751ebb0 flushing  nmethod 0x000002798af5a790

Events (20 events):
Event: 30.680 Thread 0x00000279e5040dc0 Thread added: 0x00000279ea50eec0
Event: 31.194 Thread 0x00000279ea50eec0 Thread exited: 0x00000279ea50eec0
Event: 31.692 Thread 0x00000279e5040dc0 Thread added: 0x00000279ea512540
Event: 32.205 Thread 0x00000279ea512540 Thread exited: 0x00000279ea512540
Event: 34.879 Thread 0x00000279e5040dc0 Thread added: 0x00000279ea511e70
Event: 34.920 Thread 0x00000279e5040dc0 Thread added: 0x00000279ea512540
Event: 35.147 Thread 0x00000279ea511e70 Thread exited: 0x00000279ea511e70
Event: 35.147 Thread 0x00000279ea512540 Thread exited: 0x00000279ea512540
Event: 49.099 Thread 0x00000279e5011f80 Thread added: 0x00000279ea5110d0
Event: 49.100 Thread 0x00000279e5011f80 Thread added: 0x00000279ea50f590
Event: 52.213 Thread 0x00000279ea5110d0 Thread exited: 0x00000279ea5110d0
Event: 52.213 Thread 0x00000279ea50f590 Thread exited: 0x00000279ea50f590
Event: 52.448 Thread 0x00000279e580c630 Thread added: 0x00000279ea8a2510
Event: 52.539 Thread 0x00000279e5040dc0 Thread added: 0x00000279ea511e70
Event: 52.544 Thread 0x00000279ea8a2510 Thread exited: 0x00000279ea8a2510
Event: 52.546 Thread 0x00000279ea89e370 Thread exited: 0x00000279ea89e370
Event: 52.561 Thread 0x00000279e5040dc0 Thread added: 0x00000279ea512540
Event: 53.718 Thread 0x00000279e580c630 Thread exited: 0x00000279e580c630
Event: 53.734 Thread 0x00000279e645dde0 Thread added: 0x00000279ea89fdb0
Event: 53.736 Thread 0x00000279e645dde0 Thread added: 0x00000279ea8a1160


Dynamic libraries:
0x00007ff745650000 - 0x00007ff74565e000 	c:\Users\USER\.vscode\extensions\redhat.java-1.52.0-win32-x64\jre\21.0.9-win32-x86_64\bin\java.exe
0x00007ff9ec5a0000 - 0x00007ff9ec808000 	C:\WINDOWS\SYSTEM32\ntdll.dll
0x00007ff9ec200000 - 0x00007ff9ec2c9000 	C:\WINDOWS\System32\KERNEL32.DLL
0x00007ff9e9a40000 - 0x00007ff9e9e31000 	C:\WINDOWS\System32\KERNELBASE.dll
0x00007ff9ea1f0000 - 0x00007ff9ea33b000 	C:\WINDOWS\System32\ucrtbase.dll
0x00007ff9dcb30000 - 0x00007ff9dcb48000 	c:\Users\USER\.vscode\extensions\redhat.java-1.52.0-win32-x64\jre\21.0.9-win32-x86_64\bin\jli.dll
0x00007ff9ea460000 - 0x00007ff9ea626000 	C:\WINDOWS\System32\USER32.dll
0x00007ff9e96f0000 - 0x00007ff9e9717000 	C:\WINDOWS\System32\win32u.dll
0x00007ff9d9560000 - 0x00007ff9d957e000 	c:\Users\USER\.vscode\extensions\redhat.java-1.52.0-win32-x64\jre\21.0.9-win32-x86_64\bin\VCRUNTIME140.dll
0x00007ff9ec1d0000 - 0x00007ff9ec1fb000 	C:\WINDOWS\System32\GDI32.dll
0x00007ff9d4d90000 - 0x00007ff9d5023000 	C:\WINDOWS\WinSxS\amd64_microsoft.windows.common-controls_6595b64144ccf1df_6.0.26100.7705_none_3e06597ae3363b04\COMCTL32.dll
0x00007ff9e97b0000 - 0x00007ff9e98db000 	C:\WINDOWS\System32\gdi32full.dll
0x00007ff9ec120000 - 0x00007ff9ec1c9000 	C:\WINDOWS\System32\msvcrt.dll
0x00007ff9e98e0000 - 0x00007ff9e9983000 	C:\WINDOWS\System32\msvcp_win.dll
0x00007ff9ea850000 - 0x00007ff9ea881000 	C:\WINDOWS\System32\IMM32.DLL
0x00007ff9e3220000 - 0x00007ff9e322c000 	c:\Users\USER\.vscode\extensions\redhat.java-1.52.0-win32-x64\jre\21.0.9-win32-x86_64\bin\vcruntime140_1.dll
0x00007ff9bc000000 - 0x00007ff9bc08d000 	c:\Users\USER\.vscode\extensions\redhat.java-1.52.0-win32-x64\jre\21.0.9-win32-x86_64\bin\msvcp140.dll
0x00007ff90a9a0000 - 0x00007ff90b740000 	c:\Users\USER\.vscode\extensions\redhat.java-1.52.0-win32-x64\jre\21.0.9-win32-x86_64\bin\server\jvm.dll
0x00007ff9ec3b0000 - 0x00007ff9ec464000 	C:\WINDOWS\System32\ADVAPI32.dll
0x00007ff9ebce0000 - 0x00007ff9ebd86000 	C:\WINDOWS\System32\sechost.dll
0x00007ff9ea340000 - 0x00007ff9ea458000 	C:\WINDOWS\System32\RPCRT4.dll
0x00007ff9ebc60000 - 0x00007ff9ebcd4000 	C:\WINDOWS\System32\WS2_32.dll
0x00007ff9d7330000 - 0x00007ff9d7365000 	C:\WINDOWS\SYSTEM32\WINMM.dll
0x00007ff9e0c90000 - 0x00007ff9e0c9b000 	C:\WINDOWS\SYSTEM32\VERSION.dll
0x00007ff9e8ce0000 - 0x00007ff9e8d3e000 	C:\WINDOWS\SYSTEM32\POWRPROF.dll
0x00007ff9e8cc0000 - 0x00007ff9e8cd4000 	C:\WINDOWS\SYSTEM32\UMPDC.dll
0x00007ff9e7c30000 - 0x00007ff9e7c4b000 	C:\WINDOWS\SYSTEM32\kernel.appcore.dll
0x00007ff9d9350000 - 0x00007ff9d935a000 	c:\Users\USER\.vscode\extensions\redhat.java-1.52.0-win32-x64\jre\21.0.9-win32-x86_64\bin\jimage.dll
0x00007ff9d6460000 - 0x00007ff9d66a2000 	C:\WINDOWS\SYSTEM32\DBGHELP.DLL
0x00007ff9ebd90000 - 0x00007ff9ec116000 	C:\WINDOWS\System32\combase.dll
0x00007ff9eb910000 - 0x00007ff9eb9e7000 	C:\WINDOWS\System32\OLEAUT32.dll
0x00007ff9d2cb0000 - 0x00007ff9d2ceb000 	C:\WINDOWS\SYSTEM32\dbgcore.DLL
0x00007ff9e9990000 - 0x00007ff9e9a35000 	C:\WINDOWS\System32\bcryptPrimitives.dll
0x00007ff9e4a10000 - 0x00007ff9e4a1f000 	c:\Users\USER\.vscode\extensions\redhat.java-1.52.0-win32-x64\jre\21.0.9-win32-x86_64\bin\instrument.dll
0x00007ff9d9000000 - 0x00007ff9d9020000 	c:\Users\USER\.vscode\extensions\redhat.java-1.52.0-win32-x64\jre\21.0.9-win32-x86_64\bin\java.dll
0x00007ff9ea9a0000 - 0x00007ff9eb0f1000 	C:\WINDOWS\System32\SHELL32.dll
0x00007ff9ea080000 - 0x00007ff9ea1ea000 	C:\WINDOWS\System32\wintypes.dll
0x00007ff9e8e80000 - 0x00007ff9e96e2000 	C:\WINDOWS\System32\windows.storage.dll
0x00007ff9ea700000 - 0x00007ff9ea7f6000 	C:\WINDOWS\System32\SHCORE.dll
0x00007ff9ec2d0000 - 0x00007ff9ec337000 	C:\WINDOWS\System32\shlwapi.dll
0x00007ff9e8da0000 - 0x00007ff9e8dc9000 	C:\WINDOWS\SYSTEM32\profapi.dll
0x00007ff9d8fe0000 - 0x00007ff9d8ff8000 	c:\Users\USER\.vscode\extensions\redhat.java-1.52.0-win32-x64\jre\21.0.9-win32-x86_64\bin\zip.dll
0x00007ff9d8fd0000 - 0x00007ff9d8fe0000 	C:\Users\USER\.vscode\extensions\redhat.java-1.52.0-win32-x64\jre\21.0.9-win32-x86_64\bin\net.dll
0x00007ff9e09c0000 - 0x00007ff9e0ae7000 	C:\WINDOWS\SYSTEM32\WINHTTP.dll
0x00007ff9e81a0000 - 0x00007ff9e820b000 	C:\WINDOWS\system32\mswsock.dll
0x00007ff9d8fb0000 - 0x00007ff9d8fc6000 	C:\Users\USER\.vscode\extensions\redhat.java-1.52.0-win32-x64\jre\21.0.9-win32-x86_64\bin\nio.dll
0x00007ff9e3290000 - 0x00007ff9e32a0000 	c:\Users\USER\.vscode\extensions\redhat.java-1.52.0-win32-x64\jre\21.0.9-win32-x86_64\bin\verify.dll
0x00007ff987050000 - 0x00007ff987095000 	C:\Users\USER\AppData\Roaming\Code\User\globalStorage\redhat.java\1.52.0\config_win\org.eclipse.equinox.launcher\org.eclipse.equinox.launcher.win32.win32.x86_64_1.2.1500.v20260121-1430\eclipse_11919.dll
0x00007ff9eb770000 - 0x00007ff9eb907000 	C:\WINDOWS\System32\ole32.dll
0x00007ff9e8470000 - 0x00007ff9e848b000 	C:\WINDOWS\SYSTEM32\CRYPTSP.dll
0x00007ff9e7b90000 - 0x00007ff9e7bc9000 	C:\WINDOWS\system32\rsaenh.dll
0x00007ff9e8250000 - 0x00007ff9e827b000 	C:\WINDOWS\SYSTEM32\USERENV.dll
0x00007ff9e8d70000 - 0x00007ff9e8d9a000 	C:\WINDOWS\SYSTEM32\bcrypt.dll
0x00007ff9e8460000 - 0x00007ff9e846c000 	C:\WINDOWS\SYSTEM32\CRYPTBASE.dll
0x00007ff9e7640000 - 0x00007ff9e7674000 	C:\WINDOWS\SYSTEM32\IPHLPAPI.DLL
0x00007ff9ec3a0000 - 0x00007ff9ec3aa000 	C:\WINDOWS\System32\NSI.dll
0x00007ff9b71c0000 - 0x00007ff9b7209000 	C:\Users\USER\AppData\Local\Temp\jna-2614219\jna12180151779327793726.dll
0x00007ff9ea910000 - 0x00007ff9ea918000 	C:\WINDOWS\System32\PSAPI.DLL
0x00007ff9e0ca0000 - 0x00007ff9e0cbe000 	C:\WINDOWS\SYSTEM32\dhcpcsvc6.DLL
0x00007ff9e0940000 - 0x00007ff9e0963000 	C:\WINDOWS\SYSTEM32\dhcpcsvc.DLL
0x00007ff9e31a0000 - 0x00007ff9e31c7000 	C:\Users\USER\.gradle\native\1def1411415f61bf3af743bc5b6707747c0891f09f0c88961ee8f79bc544acac\windows-amd64\native-platform.dll
0x00007ff9e3280000 - 0x00007ff9e328a000 	C:\Users\USER\.vscode\extensions\redhat.java-1.52.0-win32-x64\jre\21.0.9-win32-x86_64\bin\management.dll
0x00007ff9e3240000 - 0x00007ff9e324c000 	C:\Users\USER\.vscode\extensions\redhat.java-1.52.0-win32-x64\jre\21.0.9-win32-x86_64\bin\management_ext.dll
0x00007ff9d8fa0000 - 0x00007ff9d8fa9000 	C:\Users\USER\.vscode\extensions\redhat.java-1.52.0-win32-x64\jre\21.0.9-win32-x86_64\bin\extnet.dll
0x00007ff9e3230000 - 0x00007ff9e323e000 	C:\Users\USER\.vscode\extensions\redhat.java-1.52.0-win32-x64\jre\21.0.9-win32-x86_64\bin\sunmscapi.dll
0x00007ff9e9e40000 - 0x00007ff9e9fb7000 	C:\WINDOWS\System32\CRYPT32.dll
0x00007ff9e8680000 - 0x00007ff9e86b0000 	C:\WINDOWS\SYSTEM32\ncrypt.dll
0x00007ff9e8630000 - 0x00007ff9e866f000 	C:\WINDOWS\SYSTEM32\NTASN1.dll
0x00007ff983110000 - 0x00007ff983118000 	C:\WINDOWS\system32\wshunix.dll

JVMTI agents:
c:\Users\USER\.vscode\extensions\redhat.java-1.52.0-win32-x64\lombok\lombok-1.18.39-4050.jar path:c:\Users\USER\.vscode\extensions\redhat.java-1.52.0-win32-x64\jre\21.0.9-win32-x86_64\bin\instrument.dll, loaded, initialized, instrumentlib options:none

dbghelp: loaded successfully - version: 4.0.5 - missing functions: none
symbol engine: initialized successfully - sym options: 0x614 - pdb path: .;c:\Users\USER\.vscode\extensions\redhat.java-1.52.0-win32-x64\jre\21.0.9-win32-x86_64\bin;C:\WINDOWS\SYSTEM32;C:\WINDOWS\WinSxS\amd64_microsoft.windows.common-controls_6595b64144ccf1df_6.0.26100.7705_none_3e06597ae3363b04;c:\Users\USER\.vscode\extensions\redhat.java-1.52.0-win32-x64\jre\21.0.9-win32-x86_64\bin\server;C:\Users\USER\AppData\Roaming\Code\User\globalStorage\redhat.java\1.52.0\config_win\org.eclipse.equinox.launcher\org.eclipse.equinox.launcher.win32.win32.x86_64_1.2.1500.v20260121-1430;C:\Users\USER\AppData\Local\Temp\jna-2614219;C:\Users\USER\.gradle\native\1def1411415f61bf3af743bc5b6707747c0891f09f0c88961ee8f79bc544acac\windows-amd64

VM Arguments:
jvm_args: --add-modules=ALL-SYSTEM --add-opens=java.base/java.util=ALL-UNNAMED --add-opens=java.base/java.lang=ALL-UNNAMED --add-opens=java.base/sun.nio.fs=ALL-UNNAMED -Declipse.application=org.eclipse.jdt.ls.core.id1 -Dosgi.bundles.defaultStartLevel=4 -Declipse.product=org.eclipse.jdt.ls.core.product -Djava.import.generatesMetadataFilesAtProjectRoot=false -DDetectVMInstallationsJob.disabled=true -Dfile.encoding=utf8 -XX:+UseParallelGC -XX:GCTimeRatio=4 -XX:AdaptiveSizePolicyWeight=90 -Dsun.zip.disableMemoryMapping=true -Xmx2G -Xms100m -Xlog:disable -javaagent:c:\Users\USER\.vscode\extensions\redhat.java-1.52.0-win32-x64\lombok\lombok-1.18.39-4050.jar -XX:+HeapDumpOnOutOfMemoryError -XX:HeapDumpPath=c:\Users\USER\AppData\Roaming\Code\User\workspaceStorage\5582978b7f60568db065eb90eda3ee9e\redhat.java -Daether.dependencyCollector.impl=bf 
java_command: c:\Users\USER\.vscode\extensions\redhat.java-1.52.0-win32-x64\server\plugins\org.eclipse.equinox.launcher_1.7.100.v20251111-0406.jar -configuration c:\Users\USER\AppData\Roaming\Code\User\globalStorage\redhat.java\1.52.0\config_win -data c:\Users\USER\AppData\Roaming\Code\User\workspaceStorage\5582978b7f60568db065eb90eda3ee9e\redhat.java\jdt_ws --pipe=\\.\pipe\lsp-51fa7d93d3e3bf87c8342a62b9181305-sock
java_class_path (initial): c:\Users\USER\.vscode\extensions\redhat.java-1.52.0-win32-x64\server\plugins\org.eclipse.equinox.launcher_1.7.100.v20251111-0406.jar
Launcher Type: SUN_STANDARD

[Global flags]
    uintx AdaptiveSizePolicyWeight                 = 90                                        {product} {command line}
     intx CICompilerCount                          = 4                                         {product} {ergonomic}
    uintx GCTimeRatio                              = 4                                         {product} {command line}
     bool HeapDumpOnOutOfMemoryError               = true                                   {manageable} {command line}
    ccstr HeapDumpPath                             = c:\Users\USER\AppData\Roaming\Code\User\workspaceStorage\5582978b7f60568db065eb90eda3ee9e\redhat.java         {manageable} {command line}
   size_t InitialHeapSize                          = 104857600                                 {product} {command line}
   size_t MaxHeapSize                              = 2147483648                                {product} {command line}
   size_t MaxNewSize                               = 715653120                                 {product} {ergonomic}
   size_t MinHeapDeltaBytes                        = 524288                                    {product} {ergonomic}
   size_t MinHeapSize                              = 104857600                                 {product} {command line}
   size_t NewSize                                  = 34603008                                  {product} {ergonomic}
    uintx NonNMethodCodeHeapSize                   = 5839372                                {pd product} {ergonomic}
    uintx NonProfiledCodeHeapSize                  = 122909434                              {pd product} {ergonomic}
   size_t OldSize                                  = 70254592                                  {product} {ergonomic}
    uintx ProfiledCodeHeapSize                     = 122909434                              {pd product} {ergonomic}
    uintx ReservedCodeCacheSize                    = 251658240                              {pd product} {ergonomic}
     bool SegmentedCodeCache                       = true                                      {product} {ergonomic}
   size_t SoftMaxHeapSize                          = 2147483648                             {manageable} {ergonomic}
     bool UseCompressedOops                        = true                           {product lp64_product} {ergonomic}
     bool UseLargePagesIndividualAllocation        = false                                  {pd product} {ergonomic}
     bool UseParallelGC                            = true                                      {product} {command line}

Logging:
Log output configuration:
 #0: stdout all=off uptime,level,tags foldmultilines=false
 #1: stderr all=off uptime,level,tags foldmultilines=false

Release file:
JAVA_VERSION="21.0.9" 
MODULES="java.base java.compiler java.datatransfer java.xml java.prefs java.desktop java.instrument java.logging java.management java.security.sasl java.naming java.rmi java.management.rmi java.net.http java.scripting java.security.jgss java.transaction.xa java.sql java.sql.rowset java.xml.crypto java.se java.smartcardio jdk.accessibility jdk.internal.jvmstat jdk.attach jdk.charsets jdk.internal.opt jdk.zipfs jdk.compiler jdk.crypto.ec jdk.crypto.cryptoki jdk.crypto.mscapi jdk.dynalink jdk.internal.ed jdk.editpad jdk.hotspot.agent jdk.httpserver jdk.internal.le jdk.internal.vm.ci jdk.internal.vm.compiler jdk.internal.vm.compiler.management jdk.jartool jdk.javadoc jdk.jcmd jdk.management jdk.management.agent jdk.jconsole jdk.jdeps jdk.jdwp.agent jdk.jdi jdk.jfr jdk.jshell jdk.jsobject jdk.jstatd jdk.localedata jdk.management.jfr jdk.naming.dns jdk.naming.rmi jdk.net jdk.nio.mapmode jdk.random jdk.sctp jdk.security.auth jdk.security.jgss jdk.unsupported jdk.unsupported.desktop jdk.xml.dom" 

Environment Variables:
JAVA_HOME=C:\Program Files\Java\jdk-20
PATH=C:\Program Files\Common Files\Oracle\Java\javapath;C:\Program Files (x86)\Common Files\Oracle\Java\java8path;C:\Program Files (x86)\Common Files\Oracle\Java\javapath;C:\Python310\Scripts\;C:\Python310\;C:\WINDOWS\system32;C:\WINDOWS;C:\WINDOWS\System32\Wbem;C:\WINDOWS\System32\WindowsPowerShell\v1.0\;C:\WINDOWS\System32\OpenSSH\;C:\Program Files\NVIDIA Corporation\NVIDIA NvDLISR;C:\WINDOWS\system32;C:\WINDOWS;C:\WINDOWS\System32\Wbem;C:\WINDOWS\System32\WindowsPowerShell\v1.0\;C:\WINDOWS\System32\OpenSSH\;D:\jdk20\bin;C:\Program Files\Java\jdk-20\bin;C:\Program Files\nodejs;C:\Program Files\Java\jdk-21;C:\Program Files\Git\cmd;C:\Program Files\dotnet\;C:\Program Files\nodejs\;D:\Users\USER\allure-2.34.1\bin;D:\Users\USER\maven-mvnd-1.0.2-windows-amd64\bin;D:\sonar-scanner-7.2.0.5079-windows-x64\bin;C:\Program Files\apache-maven-3.9.11\bin;D:\Users\USER\anaconda3\Library\mingw-w64\bin;D:\Users\USER\anaconda3\Library\usr\bin;D:\Users\USER\anaconda3\Library\bin;D:\Users\USER\anaconda3\Scripts;C:\Program Files\MySQL\MySQL Shell 8.0\bin\;C:\Users\USER\AppData\Local\Microsoft\WindowsApps;C:\Users\USER\AppData\Local\GitHubDesktop\bin;C:\Users\USER\AppData\Local\Programs\Microsoft VS Code\bin;D:\Program Files\IntelliJ IDEA Community Edition 2024.2.4\bin;;C:\Users\USER\.dotnet\tools;C:\Users\USER\AppData\Roaming\npm;C:\Program Files (x86)\BrowserStackLocal\;D:\IntelliJ IDEA 2025.3\bin;D:\flutter_windows_3.41.0-0.2.pre-beta\flutter\bin;
USERNAME=USER
OS=Windows_NT
PROCESSOR_IDENTIFIER=Intel64 Family 6 Model 165 Stepping 2, GenuineIntel
TMP=C:\Users\USER\AppData\Local\Temp
TEMP=C:\Users\USER\AppData\Local\Temp




Periodic native trim disabled

---------------  S Y S T E M  ---------------

OS:
 Windows 11 , 64 bit Build 26100 (10.0.26100.7705)
OS uptime: 0 days 4:16 hours

CPU: total 12 (initial active 12) (6 cores per cpu, 2 threads per core) family 6 model 165 stepping 2 microcode 0xe2, cx8, cmov, fxsr, ht, mmx, 3dnowpref, sse, sse2, sse3, ssse3, sse4.1, sse4.2, popcnt, lzcnt, tsc, tscinvbit, avx, avx2, aes, erms, clmul, bmi1, bmi2, adx, fma, vzeroupper, clflush, clflushopt, rdtscp, f16c, pku
Processor Information for the first 12 processors :
  Max Mhz: 2592, Current Mhz: 2592, Mhz Limit: 2592

Memory: 4k page, system-wide physical 16205M (1916M free)
TotalPageFile size 20301M (AvailPageFile size 102M)
current process WorkingSet (physical memory assigned to process): 275M, peak: 288M
current process commit charge ("private bytes"): 381M, peak: 393M

vm_info: OpenJDK 64-Bit Server VM (21.0.9+10-LTS) for windows-amd64 JRE (21.0.9+10-LTS), built on 2025-10-21T00:00:00Z by "admin" with unknown MS VC++:1942

END.
