#
# There is insufficient memory for the Java Runtime Environment to continue.
# Native memory allocation (malloc) failed to allocate 1245296 bytes for Chunk::new
# Possible reasons:
#   The system is out of physical RAM or swap space
#   The process is running with CompressedOops enabled, and the Java Heap may be blocking the growth of the native heap
# Possible solutions:
#   Reduce memory load on the system
#   Increase physical memory or swap space
#   Check if swap backing store is full
#   Decrease Java heap size (-Xmx/-Xms)
#   Decrease number of Java threads
#   Decrease Java thread stack sizes (-Xss)
#   Set larger code cache with -XX:ReservedCodeCacheSize=
#   JVM is running with Unscaled Compressed Oops mode in which the Java heap is
#     placed in the first 4GB address space. The Java Heap base address is the
#     maximum limit for the native heap growth. Please use -XX:HeapBaseMinAddress
#     to set the Java Heap base and to place the Java Heap above 4GB virtual address.
# This output file may be truncated or incomplete.
#
#  Out of Memory Error (arena.cpp:184), pid=21920, tid=1152
#
# JRE version: Java(TM) SE Runtime Environment (20.0.1+9) (build 20.0.1+9-29)
# Java VM: Java HotSpot(TM) 64-Bit Server VM (20.0.1+9-29, mixed mode, sharing, tiered, compressed oops, compressed class ptrs, g1 gc, windows-amd64)
# No core dump will be written. Minidumps are not enabled by default on client versions of Windows
#

---------------  S U M M A R Y ------------

Command Line: --add-opens=java.base/java.lang=ALL-UNNAMED --add-opens=java.base/java.lang.invoke=ALL-UNNAMED --add-opens=java.base/java.util=ALL-UNNAMED --add-opens=java.prefs/java.util.prefs=ALL-UNNAMED --add-exports=jdk.compiler/com.sun.tools.javac.api=ALL-UNNAMED --add-exports=jdk.compiler/com.sun.tools.javac.util=ALL-UNNAMED --add-opens=java.base/java.util=ALL-UNNAMED --add-opens=java.prefs/java.util.prefs=ALL-UNNAMED --add-opens=java.base/java.nio.charset=ALL-UNNAMED --add-opens=java.base/java.net=ALL-UNNAMED --add-opens=java.base/java.util.concurrent.atomic=ALL-UNNAMED --add-opens=java.xml/javax.xml.namespace=ALL-UNNAMED -XX:MaxMetaspaceSize=1G -XX:ReservedCodeCacheSize=128m -XX:+HeapDumpOnOutOfMemoryError -Xmx2G -Dfile.encoding=UTF-8 -Duser.country=US -Duser.language=en -Duser.variant -javaagent:C:\Users\USER\.gradle\wrapper\dists\gradle-8.14-all\c2qonpi39x1mddn7hk5gh9iqj\gradle-8.14\lib\agents\gradle-instrumentation-agent-8.14.jar org.gradle.launcher.daemon.bootstrap.GradleDaemon 8.14

Host: Intel(R) Core(TM) i7-10750H CPU @ 2.60GHz, 12 cores, 15G,  Windows 11 , 64 bit Build 26100 (10.0.26100.7705)
Time: Tue Feb  3 13:01:12 2026 Sri Lanka Standard Time elapsed time: 13.478418 seconds (0d 0h 0m 13s)

---------------  T H R E A D  ---------------

Current thread (0x00000242cc638110):  JavaThread "C2 CompilerThread0" daemon [_thread_in_native, id=1152, stack(0x000000f0b0d00000,0x000000f0b0e00000)]


Current CompileTask:
C2:  13478 5390   !   4       sun.reflect.annotation.AnnotationParser::parseAnnotations (37 bytes)

Stack: [0x000000f0b0d00000,0x000000f0b0e00000]
Native frames: (J=compiled Java code, j=interpreted, Vv=VM code, C=native code)
V  [jvm.dll+0x6bb95a]
V  [jvm.dll+0x8485fa]
V  [jvm.dll+0x84a1f5]
V  [jvm.dll+0x84a8f3]
V  [jvm.dll+0x280b0f]
V  [jvm.dll+0xc2b11]
V  [jvm.dll+0xc2e35]
V  [jvm.dll+0x3bb142]
V  [jvm.dll+0x1e6c43]
V  [jvm.dll+0x24b3ab]
V  [jvm.dll+0x24a651]
V  [jvm.dll+0x1ce491]
V  [jvm.dll+0x259e1b]
V  [jvm.dll+0x2584f0]
V  [jvm.dll+0x3f2895]
V  [jvm.dll+0x7f4b56]
V  [jvm.dll+0x6ba5cb]
C  [ucrtbase.dll+0x37b0]
C  [KERNEL32.DLL+0x2e8d7]
C  [ntdll.dll+0x8c40c]


---------------  P R O C E S S  ---------------

Threads class SMR info:
_java_thread_list=0x00000242d2a53e10, length=43, elements={
0x00000242b6e066b0, 0x00000242cc622140, 0x00000242cc6236f0, 0x00000242cc6312d0,
0x00000242cc631fc0, 0x00000242cc633470, 0x00000242cc634920, 0x00000242cc638110,
0x00000242ccc12b40, 0x00000242cccf12c0, 0x00000242ccec35e0, 0x00000242d278f060,
0x00000242d28cf930, 0x00000242d284f160, 0x00000242d2a63d70, 0x00000242d2a930b0,
0x00000242d2a900e0, 0x00000242d2a920c0, 0x00000242d2a910d0, 0x00000242d2a92b60,
0x00000242d2a8fb90, 0x00000242d2a90b80, 0x00000242d2a90630, 0x00000242d2a91b70,
0x00000242d44d7b00, 0x00000242d44daad0, 0x00000242d44d8050, 0x00000242d44d8af0,
0x00000242d44db020, 0x00000242d44d75b0, 0x00000242d44db570, 0x00000242d44dcab0,
0x00000242d44dc010, 0x00000242d44d9590, 0x00000242d44dd550, 0x00000242d44ddaa0,
0x00000242d44ddff0, 0x00000242d44dea90, 0x00000242d4fe5400, 0x00000242d4fe73e0,
0x00000242d4fe5950, 0x00000242d685be00, 0x00000242d4fe7e80
}

Java Threads: ( => current thread )
  0x00000242b6e066b0 JavaThread "main" [_thread_blocked, id=6696, stack(0x000000f0b0000000,0x000000f0b0100000)]
  0x00000242cc622140 JavaThread "Reference Handler" daemon [_thread_blocked, id=10556, stack(0x000000f0b0700000,0x000000f0b0800000)]
  0x00000242cc6236f0 JavaThread "Finalizer" daemon [_thread_blocked, id=21652, stack(0x000000f0b0800000,0x000000f0b0900000)]
  0x00000242cc6312d0 JavaThread "Signal Dispatcher" daemon [_thread_blocked, id=19948, stack(0x000000f0b0900000,0x000000f0b0a00000)]
  0x00000242cc631fc0 JavaThread "Attach Listener" daemon [_thread_blocked, id=7464, stack(0x000000f0b0a00000,0x000000f0b0b00000)]
  0x00000242cc633470 JavaThread "Service Thread" daemon [_thread_blocked, id=9360, stack(0x000000f0b0b00000,0x000000f0b0c00000)]
  0x00000242cc634920 JavaThread "Monitor Deflation Thread" daemon [_thread_blocked, id=3376, stack(0x000000f0b0c00000,0x000000f0b0d00000)]
=>0x00000242cc638110 JavaThread "C2 CompilerThread0" daemon [_thread_in_native, id=1152, stack(0x000000f0b0d00000,0x000000f0b0e00000)]
  0x00000242ccc12b40 JavaThread "C1 CompilerThread0" daemon [_thread_in_vm, id=5940, stack(0x000000f0b0e00000,0x000000f0b0f00000)]
  0x00000242cccf12c0 JavaThread "Common-Cleaner" daemon [_thread_blocked, id=8712, stack(0x000000f0b0f00000,0x000000f0b1000000)]
  0x00000242ccec35e0 JavaThread "Notification Thread" daemon [_thread_blocked, id=14136, stack(0x000000f0b1000000,0x000000f0b1100000)]
  0x00000242d278f060 JavaThread "Daemon health stats" [_thread_blocked, id=18924, stack(0x000000f0b1300000,0x000000f0b1400000)]
  0x00000242d28cf930 JavaThread "Incoming local TCP Connector on port 59709" [_thread_in_native, id=20224, stack(0x000000f0b1c00000,0x000000f0b1d00000)]
  0x00000242d284f160 JavaThread "Daemon periodic checks" [_thread_in_native, id=1780, stack(0x000000f0b1d00000,0x000000f0b1e00000)]
  0x00000242d2a63d70 JavaThread "Daemon" [_thread_blocked, id=368, stack(0x000000f0b1e00000,0x000000f0b1f00000)]
  0x00000242d2a930b0 JavaThread "Handler for socket connection from /127.0.0.1:59709 to /127.0.0.1:59710" [_thread_in_native, id=21900, stack(0x000000f0b1f00000,0x000000f0b2000000)]
  0x00000242d2a900e0 JavaThread "Cancel handler" [_thread_blocked, id=21676, stack(0x000000f0b2000000,0x000000f0b2100000)]
  0x00000242d2a920c0 JavaThread "Daemon worker" [_thread_in_vm, id=17632, stack(0x000000f0b2100000,0x000000f0b2200000)]
  0x00000242d2a910d0 JavaThread "Asynchronous log dispatcher for DefaultDaemonConnection: socket connection from /127.0.0.1:59709 to /127.0.0.1:59710" [_thread_blocked, id=17624, stack(0x000000f0b2200000,0x000000f0b2300000)]
  0x00000242d2a92b60 JavaThread "Stdin handler" [_thread_blocked, id=2772, stack(0x000000f0b2300000,0x000000f0b2400000)]
  0x00000242d2a8fb90 JavaThread "Daemon client event forwarder" [_thread_blocked, id=20812, stack(0x000000f0b2400000,0x000000f0b2500000)]
  0x00000242d2a90b80 JavaThread "Cache worker for journal cache (C:\Users\USER\.gradle\caches\journal-1)" [_thread_blocked, id=8516, stack(0x000000f0b1b00000,0x000000f0b1c00000)]
  0x00000242d2a90630 JavaThread "File lock request listener" [_thread_in_native, id=8500, stack(0x000000f0b2500000,0x000000f0b2600000)]
  0x00000242d2a91b70 JavaThread "Cache worker for file hash cache (C:\Users\USER\.gradle\caches\8.14\fileHashes)" [_thread_blocked, id=7436, stack(0x000000f0b2600000,0x000000f0b2700000)]
  0x00000242d44d7b00 JavaThread "Cache worker for file hash cache (C:\Users\USER\Desktop\FYPG\FYP\Frontend\android\.gradle\8.14\fileHashes)" [_thread_blocked, id=13796, stack(0x000000f0b2c00000,0x000000f0b2d00000)]
  0x00000242d44daad0 JavaThread "Cache worker for Build Output Cleanup Cache (C:\Users\USER\Desktop\FYPG\FYP\Frontend\android\.gradle\buildOutputCleanup)" [_thread_blocked, id=4724, stack(0x000000f0b2d00000,0x000000f0b2e00000)]
  0x00000242d44d8050 JavaThread "File watcher server" daemon [_thread_in_native, id=3876, stack(0x000000f0b2e00000,0x000000f0b2f00000)]
  0x00000242d44d8af0 JavaThread "File watcher consumer" daemon [_thread_blocked, id=21724, stack(0x000000f0b2f00000,0x000000f0b3000000)]
  0x00000242d44db020 JavaThread "jar transforms" [_thread_blocked, id=8824, stack(0x000000f0b3000000,0x000000f0b3100000)]
  0x00000242d44d75b0 JavaThread "jar transforms Thread 2" [_thread_blocked, id=6592, stack(0x000000f0b3100000,0x000000f0b3200000)]
  0x00000242d44db570 JavaThread "jar transforms Thread 3" [_thread_blocked, id=21908, stack(0x000000f0b3200000,0x000000f0b3300000)]
  0x00000242d44dcab0 JavaThread "jar transforms Thread 4" [_thread_blocked, id=7340, stack(0x000000f0b3300000,0x000000f0b3400000)]
  0x00000242d44dc010 JavaThread "jar transforms Thread 5" [_thread_blocked, id=3380, stack(0x000000f0b3400000,0x000000f0b3500000)]
  0x00000242d44d9590 JavaThread "Cache worker for checksums cache (C:\Users\USER\Desktop\FYPG\FYP\Frontend\android\.gradle\8.14\checksums)" [_thread_blocked, id=4728, stack(0x000000f0b3500000,0x000000f0b3600000)]
  0x00000242d44dd550 JavaThread "Cache worker for file content cache (C:\Users\USER\.gradle\caches\8.14\fileContent)" [_thread_blocked, id=20632, stack(0x000000f0b3600000,0x000000f0b3700000)]
  0x00000242d44ddaa0 JavaThread "jar transforms Thread 6" [_thread_blocked, id=18120, stack(0x000000f0b3700000,0x000000f0b3800000)]
  0x00000242d44ddff0 JavaThread "jar transforms Thread 7" [_thread_blocked, id=3240, stack(0x000000f0b3800000,0x000000f0b3900000)]
  0x00000242d44dea90 JavaThread "jar transforms Thread 8" [_thread_blocked, id=1792, stack(0x000000f0b3900000,0x000000f0b3a00000)]
  0x00000242d4fe5400 JavaThread "jar transforms Thread 9" [_thread_blocked, id=7192, stack(0x000000f0b3a00000,0x000000f0b3b00000)]
  0x00000242d4fe73e0 JavaThread "Cache worker for cache directory md-supplier (C:\Users\USER\.gradle\caches\8.14\md-supplier)" [_thread_blocked, id=22564, stack(0x000000f0b2700000,0x000000f0b2800000)]
  0x00000242d4fe5950 JavaThread "Cache worker for cache directory md-rule (C:\Users\USER\.gradle\caches\8.14\md-rule)" [_thread_blocked, id=22568, stack(0x000000f0b2800000,0x000000f0b2900000)]
  0x00000242d685be00 JavaThread "C2 CompilerThread1" daemon [_thread_blocked, id=22896, stack(0x000000f0b3b00000,0x000000f0b3c00000)]
  0x00000242d4fe7e80 JavaThread "Cache worker for Build Output Cleanup Cache (D:\flutter_windows_3.41.0-0.2.pre-beta\flutter\packages\flutter_tools\gradle\.gradle\buildOutputCleanup)" [_thread_blocked, id=23060, stack(0x000000f0b3c00000,0x000000f0b3d00000)]

Other Threads:
  0x00000242cc5fdd60 VMThread "VM Thread" [stack: 0x000000f0b0600000,0x000000f0b0700000] [id=21696]
  0x00000242cce33cd0 WatcherThread "VM Periodic Task Thread" [stack: 0x000000f0b1100000,0x000000f0b1200000] [id=20560]
  0x00000242b6e65bb0 WorkerThread "GC Thread#0" [stack: 0x000000f0b0100000,0x000000f0b0200000] [id=7236]
  0x00000242ccf75df0 WorkerThread "GC Thread#1" [stack: 0x000000f0b1400000,0x000000f0b1500000] [id=4712]
  0x00000242ccf64170 WorkerThread "GC Thread#2" [stack: 0x000000f0b1500000,0x000000f0b1600000] [id=13532]
  0x00000242ccf64710 WorkerThread "GC Thread#3" [stack: 0x000000f0b1600000,0x000000f0b1700000] [id=21296]
  0x00000242ccf657f0 WorkerThread "GC Thread#4" [stack: 0x000000f0b1700000,0x000000f0b1800000] [id=9760]
  0x00000242ccf63ea0 WorkerThread "GC Thread#5" [stack: 0x000000f0b1800000,0x000000f0b1900000] [id=22280]
  0x00000242d27e8340 WorkerThread "GC Thread#6" [stack: 0x000000f0b1200000,0x000000f0b1300000] [id=3088]
  0x00000242d27e96f0 WorkerThread "GC Thread#7" [stack: 0x000000f0b1900000,0x000000f0b1a00000] [id=17860]
  0x00000242d27e5be0 WorkerThread "GC Thread#8" [stack: 0x000000f0b1a00000,0x000000f0b1b00000] [id=10176]
  0x00000242d27e7ad0 WorkerThread "GC Thread#9" [stack: 0x000000f0b2900000,0x000000f0b2a00000] [id=2888]
  0x00000242b6e77840 ConcurrentGCThread "G1 Main Marker" [stack: 0x000000f0b0200000,0x000000f0b0300000] [id=4628]
  0x00000242b6e78180 WorkerThread "G1 Conc#0" [stack: 0x000000f0b0300000,0x000000f0b0400000] [id=21368]
  0x00000242d27e6180 WorkerThread "G1 Conc#1" [stack: 0x000000f0b2a00000,0x000000f0b2b00000] [id=21636]
  0x00000242d27e6f90 WorkerThread "G1 Conc#2" [stack: 0x000000f0b2b00000,0x000000f0b2c00000] [id=11080]
  0x00000242cc5422d0 ConcurrentGCThread "G1 Refine#0" [stack: 0x000000f0b0400000,0x000000f0b0500000] [id=15828]
  0x00000242cc543b30 ConcurrentGCThread "G1 Service" [stack: 0x000000f0b0500000,0x000000f0b0600000] [id=2768]

Threads with active compile tasks:
C2 CompilerThread0    13503 5390   !   4       sun.reflect.annotation.AnnotationParser::parseAnnotations (37 bytes)

VM state: not at safepoint (normal execution)

VM Mutex/Monitor currently owned by a thread:  ([mutex/lock_event])
[0x00000242b6dff380] Metaspace_lock - owner thread: 0x00000242d2a920c0

Heap address: 0x0000000080000000, size: 2048 MB, Compressed Oops mode: 32-bit

CDS archive(s) mapped at: [0x0000000800000000-0x0000000800c60000-0x0000000800c60000), size 12976128, SharedBaseAddress: 0x0000000800000000, ArchiveRelocationMode: 0.
Compressed class space mapped at: 0x0000000801000000-0x0000000834400000, reserved size: 859832320
Narrow klass base: 0x0000000800000000, Narrow klass shift: 0, Narrow klass range: 0x100000000

GC Precious Log:
 CardTable entry size: 512
 Card Set container configuration: InlinePtr #cards 5 size 8 Array Of Cards #cards 12 size 40 Howl #buckets 4 coarsen threshold 1843 Howl Bitmap #cards 512 size 80 coarsen threshold 460 Card regions per heap region 1 cards per card region 2048
 CPUs: 12 total, 12 available
 Memory: 16205M
 Large Page Support: Disabled
 NUMA Support: Disabled
 Compressed Oops: Enabled (32-bit)
 Heap Region Size: 1M
 Heap Min Capacity: 8M
 Heap Initial Capacity: 254M
 Heap Max Capacity: 2G
 Pre-touch: Disabled
 Parallel Workers: 10
 Concurrent Workers: 3
 Concurrent Refinement Workers: 10
 Periodic GC: Disabled

Heap:
 garbage-first heap   total 107520K, used 84361K [0x0000000080000000, 0x0000000100000000)
  region size 1024K, 49 young (50176K), 5 survivors (5120K)
 Metaspace       used 48341K, committed 50112K, reserved 905216K
  class space    used 6772K, committed 7680K, reserved 839680K

Heap Regions: E=young(eden), S=young(survivor), O=old, HS=humongous(starts), HC=humongous(continues), CS=collection set, F=free, OA=open archive, CA=closed archive, TAMS=top-at-mark-start, PB=parsable bottom
|   0|0x0000000080000000, 0x0000000080100000, 0x0000000080100000|100%|HS|  |TAMS 0x0000000080000000| PB 0x0000000080000000| Complete 
|   1|0x0000000080100000, 0x0000000080200000, 0x0000000080200000|100%|HC|  |TAMS 0x0000000080100000| PB 0x0000000080100000| Complete 
|   2|0x0000000080200000, 0x0000000080300000, 0x0000000080300000|100%|HC|  |TAMS 0x0000000080200000| PB 0x0000000080200000| Complete 
|   3|0x0000000080300000, 0x0000000080400000, 0x0000000080400000|100%| O|  |TAMS 0x0000000080300000| PB 0x0000000080300000| Untracked 
|   4|0x0000000080400000, 0x0000000080500000, 0x0000000080500000|100%| O|  |TAMS 0x0000000080400000| PB 0x0000000080400000| Untracked 
|   5|0x0000000080500000, 0x0000000080600000, 0x0000000080600000|100%| O|  |TAMS 0x0000000080500000| PB 0x0000000080500000| Untracked 
|   6|0x0000000080600000, 0x0000000080700000, 0x0000000080700000|100%|HS|  |TAMS 0x0000000080600000| PB 0x0000000080600000| Complete 
|   7|0x0000000080700000, 0x0000000080800000, 0x0000000080800000|100%| O|  |TAMS 0x0000000080700000| PB 0x0000000080700000| Untracked 
|   8|0x0000000080800000, 0x0000000080900000, 0x0000000080900000|100%| O|  |TAMS 0x0000000080800000| PB 0x0000000080800000| Untracked 
|   9|0x0000000080900000, 0x0000000080a00000, 0x0000000080a00000|100%| O|  |TAMS 0x0000000080900000| PB 0x0000000080900000| Untracked 
|  10|0x0000000080a00000, 0x0000000080b00000, 0x0000000080b00000|100%| O|  |TAMS 0x0000000080a00000| PB 0x0000000080a00000| Untracked 
|  11|0x0000000080b00000, 0x0000000080c00000, 0x0000000080c00000|100%| O|  |TAMS 0x0000000080b00000| PB 0x0000000080b00000| Untracked 
|  12|0x0000000080c00000, 0x0000000080c00000, 0x0000000080d00000|  0%| F|  |TAMS 0x0000000080c00000| PB 0x0000000080c00000| Untracked 
|  13|0x0000000080d00000, 0x0000000080e00000, 0x0000000080e00000|100%| O|  |TAMS 0x0000000080d00000| PB 0x0000000080d00000| Untracked 
|  14|0x0000000080e00000, 0x0000000080f00000, 0x0000000080f00000|100%| O|  |TAMS 0x0000000080e00000| PB 0x0000000080e00000| Untracked 
|  15|0x0000000080f00000, 0x0000000081000000, 0x0000000081000000|100%| O|  |TAMS 0x0000000080f00000| PB 0x0000000080f00000| Untracked 
|  16|0x0000000081000000, 0x0000000081100000, 0x0000000081100000|100%| O|  |TAMS 0x0000000081000000| PB 0x0000000081000000| Untracked 
|  17|0x0000000081100000, 0x0000000081200000, 0x0000000081200000|100%| O|  |TAMS 0x0000000081100000| PB 0x0000000081100000| Untracked 
|  18|0x0000000081200000, 0x0000000081300000, 0x0000000081300000|100%| O|  |TAMS 0x0000000081200000| PB 0x0000000081200000| Untracked 
|  19|0x0000000081300000, 0x0000000081400000, 0x0000000081400000|100%| O|  |TAMS 0x0000000081300000| PB 0x0000000081300000| Untracked 
|  20|0x0000000081400000, 0x0000000081500000, 0x0000000081500000|100%| O|  |TAMS 0x0000000081400000| PB 0x0000000081400000| Untracked 
|  21|0x0000000081500000, 0x0000000081600000, 0x0000000081600000|100%| O|  |TAMS 0x0000000081500000| PB 0x0000000081500000| Untracked 
|  22|0x0000000081600000, 0x0000000081600000, 0x0000000081700000|  0%| F|  |TAMS 0x0000000081600000| PB 0x0000000081600000| Untracked 
|  23|0x0000000081700000, 0x0000000081800000, 0x0000000081800000|100%| O|  |TAMS 0x0000000081700000| PB 0x0000000081700000| Untracked 
|  24|0x0000000081800000, 0x0000000081900000, 0x0000000081900000|100%| O|  |TAMS 0x0000000081800000| PB 0x0000000081800000| Untracked 
|  25|0x0000000081900000, 0x0000000081a00000, 0x0000000081a00000|100%| O|  |TAMS 0x0000000081900000| PB 0x0000000081900000| Untracked 
|  26|0x0000000081a00000, 0x0000000081b00000, 0x0000000081b00000|100%| O|  |TAMS 0x0000000081a00000| PB 0x0000000081a00000| Untracked 
|  27|0x0000000081b00000, 0x0000000081c00000, 0x0000000081c00000|100%| O|  |TAMS 0x0000000081b00000| PB 0x0000000081b00000| Untracked 
|  28|0x0000000081c00000, 0x0000000081c00000, 0x0000000081d00000|  0%| F|  |TAMS 0x0000000081c00000| PB 0x0000000081c00000| Untracked 
|  29|0x0000000081d00000, 0x0000000081e00000, 0x0000000081e00000|100%| O|  |TAMS 0x0000000081d00000| PB 0x0000000081d00000| Untracked 
|  30|0x0000000081e00000, 0x0000000081f00000, 0x0000000081f00000|100%| O|  |TAMS 0x0000000081e00000| PB 0x0000000081e00000| Untracked 
|  31|0x0000000081f00000, 0x0000000082000000, 0x0000000082000000|100%| O|  |TAMS 0x0000000081f00000| PB 0x0000000081f00000| Untracked 
|  32|0x0000000082000000, 0x0000000082100000, 0x0000000082100000|100%| O|  |TAMS 0x0000000082000000| PB 0x0000000082000000| Untracked 
|  33|0x0000000082100000, 0x0000000082200000, 0x0000000082200000|100%| O|  |TAMS 0x0000000082100000| PB 0x0000000082100000| Untracked 
|  34|0x0000000082200000, 0x0000000082300000, 0x0000000082300000|100%| O|  |TAMS 0x0000000082200000| PB 0x0000000082200000| Untracked 
|  35|0x0000000082300000, 0x0000000082300000, 0x0000000082400000|  0%| F|  |TAMS 0x0000000082300000| PB 0x0000000082300000| Untracked 
|  36|0x0000000082400000, 0x0000000082400000, 0x0000000082500000|  0%| F|  |TAMS 0x0000000082400000| PB 0x0000000082400000| Untracked 
|  37|0x0000000082500000, 0x0000000082500000, 0x0000000082600000|  0%| F|  |TAMS 0x0000000082500000| PB 0x0000000082500000| Untracked 
|  38|0x0000000082600000, 0x0000000082600000, 0x0000000082700000|  0%| F|  |TAMS 0x0000000082600000| PB 0x0000000082600000| Untracked 
|  39|0x0000000082700000, 0x0000000082700000, 0x0000000082800000|  0%| F|  |TAMS 0x0000000082700000| PB 0x0000000082700000| Untracked 
|  40|0x0000000082800000, 0x00000000828378f0, 0x0000000082900000| 21%| S|CS|TAMS 0x0000000082800000| PB 0x0000000082800000| Complete 
|  41|0x0000000082900000, 0x0000000082a00000, 0x0000000082a00000|100%| O|  |TAMS 0x0000000082900000| PB 0x0000000082900000| Untracked 
|  42|0x0000000082a00000, 0x0000000082b00000, 0x0000000082b00000|100%| O|  |TAMS 0x0000000082a00000| PB 0x0000000082a00000| Untracked 
|  43|0x0000000082b00000, 0x0000000082c00000, 0x0000000082c00000|100%| O|  |TAMS 0x0000000082b00000| PB 0x0000000082b00000| Untracked 
|  44|0x0000000082c00000, 0x0000000082c2ac00, 0x0000000082d00000| 16%| O|  |TAMS 0x0000000082c00000| PB 0x0000000082c00000| Untracked 
|  45|0x0000000082d00000, 0x0000000082e00000, 0x0000000082e00000|100%| S|CS|TAMS 0x0000000082d00000| PB 0x0000000082d00000| Complete 
|  46|0x0000000082e00000, 0x0000000082f00000, 0x0000000082f00000|100%| S|CS|TAMS 0x0000000082e00000| PB 0x0000000082e00000| Complete 
|  47|0x0000000082f00000, 0x0000000082f00000, 0x0000000083000000|  0%| F|  |TAMS 0x0000000082f00000| PB 0x0000000082f00000| Untracked 
|  48|0x0000000083000000, 0x0000000083000000, 0x0000000083100000|  0%| F|  |TAMS 0x0000000083000000| PB 0x0000000083000000| Untracked 
|  49|0x0000000083100000, 0x0000000083200000, 0x0000000083200000|100%| S|CS|TAMS 0x0000000083100000| PB 0x0000000083100000| Complete 
|  50|0x0000000083200000, 0x0000000083300000, 0x0000000083300000|100%| S|CS|TAMS 0x0000000083200000| PB 0x0000000083200000| Complete 
|  51|0x0000000083300000, 0x0000000083300000, 0x0000000083400000|  0%| F|  |TAMS 0x0000000083300000| PB 0x0000000083300000| Untracked 
|  52|0x0000000083400000, 0x0000000083400000, 0x0000000083500000|  0%| F|  |TAMS 0x0000000083400000| PB 0x0000000083400000| Untracked 
|  53|0x0000000083500000, 0x0000000083500000, 0x0000000083600000|  0%| F|  |TAMS 0x0000000083500000| PB 0x0000000083500000| Untracked 
|  54|0x0000000083600000, 0x0000000083600000, 0x0000000083700000|  0%| F|  |TAMS 0x0000000083600000| PB 0x0000000083600000| Untracked 
|  55|0x0000000083700000, 0x0000000083700000, 0x0000000083800000|  0%| F|  |TAMS 0x0000000083700000| PB 0x0000000083700000| Untracked 
|  56|0x0000000083800000, 0x0000000083800000, 0x0000000083900000|  0%| F|  |TAMS 0x0000000083800000| PB 0x0000000083800000| Untracked 
|  57|0x0000000083900000, 0x0000000083900000, 0x0000000083a00000|  0%| F|  |TAMS 0x0000000083900000| PB 0x0000000083900000| Untracked 
|  58|0x0000000083a00000, 0x0000000083a00000, 0x0000000083b00000|  0%| F|  |TAMS 0x0000000083a00000| PB 0x0000000083a00000| Untracked 
|  59|0x0000000083b00000, 0x0000000083b00000, 0x0000000083c00000|  0%| F|  |TAMS 0x0000000083b00000| PB 0x0000000083b00000| Untracked 
|  60|0x0000000083c00000, 0x0000000083c00000, 0x0000000083d00000|  0%| F|  |TAMS 0x0000000083c00000| PB 0x0000000083c00000| Untracked 
|  61|0x0000000083d00000, 0x0000000083d86030, 0x0000000083e00000| 52%| E|  |TAMS 0x0000000083d00000| PB 0x0000000083d00000| Complete 
|  62|0x0000000083e00000, 0x0000000083f00000, 0x0000000083f00000|100%| E|CS|TAMS 0x0000000083e00000| PB 0x0000000083e00000| Complete 
|  63|0x0000000083f00000, 0x0000000084000000, 0x0000000084000000|100%| E|CS|TAMS 0x0000000083f00000| PB 0x0000000083f00000| Complete 
|  64|0x0000000084000000, 0x0000000084100000, 0x0000000084100000|100%| E|CS|TAMS 0x0000000084000000| PB 0x0000000084000000| Complete 
|  65|0x0000000084100000, 0x0000000084200000, 0x0000000084200000|100%| E|CS|TAMS 0x0000000084100000| PB 0x0000000084100000| Complete 
|  66|0x0000000084200000, 0x0000000084300000, 0x0000000084300000|100%| E|CS|TAMS 0x0000000084200000| PB 0x0000000084200000| Complete 
|  67|0x0000000084300000, 0x0000000084400000, 0x0000000084400000|100%| E|CS|TAMS 0x0000000084300000| PB 0x0000000084300000| Complete 
|  68|0x0000000084400000, 0x0000000084500000, 0x0000000084500000|100%| E|CS|TAMS 0x0000000084400000| PB 0x0000000084400000| Complete 
|  69|0x0000000084500000, 0x0000000084600000, 0x0000000084600000|100%| E|CS|TAMS 0x0000000084500000| PB 0x0000000084500000| Complete 
|  70|0x0000000084600000, 0x0000000084700000, 0x0000000084700000|100%| E|CS|TAMS 0x0000000084600000| PB 0x0000000084600000| Complete 
|  71|0x0000000084700000, 0x0000000084800000, 0x0000000084800000|100%| E|CS|TAMS 0x0000000084700000| PB 0x0000000084700000| Complete 
|  72|0x0000000084800000, 0x0000000084900000, 0x0000000084900000|100%| E|CS|TAMS 0x0000000084800000| PB 0x0000000084800000| Complete 
|  73|0x0000000084900000, 0x0000000084a00000, 0x0000000084a00000|100%| E|CS|TAMS 0x0000000084900000| PB 0x0000000084900000| Complete 
|  74|0x0000000084a00000, 0x0000000084b00000, 0x0000000084b00000|100%| E|CS|TAMS 0x0000000084a00000| PB 0x0000000084a00000| Complete 
|  75|0x0000000084b00000, 0x0000000084c00000, 0x0000000084c00000|100%| E|CS|TAMS 0x0000000084b00000| PB 0x0000000084b00000| Complete 
|  76|0x0000000084c00000, 0x0000000084d00000, 0x0000000084d00000|100%| E|CS|TAMS 0x0000000084c00000| PB 0x0000000084c00000| Complete 
|  77|0x0000000084d00000, 0x0000000084e00000, 0x0000000084e00000|100%| E|CS|TAMS 0x0000000084d00000| PB 0x0000000084d00000| Complete 
|  78|0x0000000084e00000, 0x0000000084f00000, 0x0000000084f00000|100%| E|CS|TAMS 0x0000000084e00000| PB 0x0000000084e00000| Complete 
|  79|0x0000000084f00000, 0x0000000085000000, 0x0000000085000000|100%| E|CS|TAMS 0x0000000084f00000| PB 0x0000000084f00000| Complete 
|  80|0x0000000085000000, 0x0000000085100000, 0x0000000085100000|100%| E|CS|TAMS 0x0000000085000000| PB 0x0000000085000000| Complete 
|  81|0x0000000085100000, 0x0000000085200000, 0x0000000085200000|100%| E|CS|TAMS 0x0000000085100000| PB 0x0000000085100000| Complete 
|  82|0x0000000085200000, 0x0000000085300000, 0x0000000085300000|100%| E|CS|TAMS 0x0000000085200000| PB 0x0000000085200000| Complete 
|  83|0x0000000085300000, 0x0000000085400000, 0x0000000085400000|100%| E|CS|TAMS 0x0000000085300000| PB 0x0000000085300000| Complete 
|  84|0x0000000085400000, 0x0000000085500000, 0x0000000085500000|100%| E|CS|TAMS 0x0000000085400000| PB 0x0000000085400000| Complete 
|  85|0x0000000085500000, 0x0000000085600000, 0x0000000085600000|100%| E|CS|TAMS 0x0000000085500000| PB 0x0000000085500000| Complete 
|  86|0x0000000085600000, 0x0000000085700000, 0x0000000085700000|100%| E|CS|TAMS 0x0000000085600000| PB 0x0000000085600000| Complete 
|  87|0x0000000085700000, 0x0000000085800000, 0x0000000085800000|100%| E|CS|TAMS 0x0000000085700000| PB 0x0000000085700000| Complete 
|  88|0x0000000085800000, 0x0000000085900000, 0x0000000085900000|100%| E|CS|TAMS 0x0000000085800000| PB 0x0000000085800000| Complete 
|  89|0x0000000085900000, 0x0000000085a00000, 0x0000000085a00000|100%| E|CS|TAMS 0x0000000085900000| PB 0x0000000085900000| Complete 
|  90|0x0000000085a00000, 0x0000000085b00000, 0x0000000085b00000|100%| E|CS|TAMS 0x0000000085a00000| PB 0x0000000085a00000| Complete 
| 157|0x0000000089d00000, 0x0000000089e00000, 0x0000000089e00000|100%| E|CS|TAMS 0x0000000089d00000| PB 0x0000000089d00000| Complete 
| 158|0x0000000089e00000, 0x0000000089f00000, 0x0000000089f00000|100%| E|CS|TAMS 0x0000000089e00000| PB 0x0000000089e00000| Complete 
| 159|0x0000000089f00000, 0x000000008a000000, 0x000000008a000000|100%| E|CS|TAMS 0x0000000089f00000| PB 0x0000000089f00000| Complete 
| 160|0x000000008a000000, 0x000000008a100000, 0x000000008a100000|100%| E|CS|TAMS 0x000000008a000000| PB 0x000000008a000000| Complete 
| 161|0x000000008a100000, 0x000000008a200000, 0x000000008a200000|100%| E|CS|TAMS 0x000000008a100000| PB 0x000000008a100000| Complete 
| 162|0x000000008a200000, 0x000000008a300000, 0x000000008a300000|100%| E|CS|TAMS 0x000000008a200000| PB 0x000000008a200000| Complete 
| 163|0x000000008a300000, 0x000000008a400000, 0x000000008a400000|100%| E|CS|TAMS 0x000000008a300000| PB 0x000000008a300000| Complete 
| 164|0x000000008a400000, 0x000000008a500000, 0x000000008a500000|100%| E|CS|TAMS 0x000000008a400000| PB 0x000000008a400000| Complete 
| 165|0x000000008a500000, 0x000000008a600000, 0x000000008a600000|100%| E|CS|TAMS 0x000000008a500000| PB 0x000000008a500000| Complete 
| 166|0x000000008a600000, 0x000000008a700000, 0x000000008a700000|100%| E|CS|TAMS 0x000000008a600000| PB 0x000000008a600000| Complete 
| 167|0x000000008a700000, 0x000000008a800000, 0x000000008a800000|100%| E|CS|TAMS 0x000000008a700000| PB 0x000000008a700000| Complete 
| 168|0x000000008a800000, 0x000000008a900000, 0x000000008a900000|100%| E|CS|TAMS 0x000000008a800000| PB 0x000000008a800000| Complete 
| 252|0x000000008fc00000, 0x000000008fd00000, 0x000000008fd00000|100%| E|CS|TAMS 0x000000008fc00000| PB 0x000000008fc00000| Complete 
| 253|0x000000008fd00000, 0x000000008fe00000, 0x000000008fe00000|100%| E|CS|TAMS 0x000000008fd00000| PB 0x000000008fd00000| Complete 

Card table byte_map: [0x00000242c76f0000,0x00000242c7af0000] _byte_map_base: 0x00000242c72f0000

Marking Bits: (CMBitMap*) 0x00000242b6e660f0
 Bits: [0x00000242c7ef0000, 0x00000242c9ef0000)

Polling page: 0x00000242b4d40000

Metaspace:

Usage:
  Non-class:     40.60 MB used.
      Class:      6.61 MB used.
       Both:     47.21 MB used.

Virtual space:
  Non-class space:       64.00 MB reserved,      41.44 MB ( 65%) committed,  1 nodes.
      Class space:      820.00 MB reserved,       7.50 MB ( <1%) committed,  1 nodes.
             Both:      884.00 MB reserved,      48.94 MB (  6%) committed. 

Chunk freelists:
   Non-Class:  2.42 MB
       Class:  519.00 KB
        Both:  2.93 MB

MaxMetaspaceSize: 1.00 GB
CompressedClassSpaceSize: 820.00 MB
Initial GC threshold: 21.00 MB
Current GC threshold: 58.88 MB
CDS: on
MetaspaceReclaimPolicy: balanced
 - commit_granule_bytes: 65536.
 - commit_granule_words: 8192.
 - virtual_space_node_default_size: 8388608.
 - enlarge_chunks_in_place: 1.
 - new_chunks_are_fully_committed: 0.
 - uncommit_free_chunks: 1.
 - use_allocation_guard: 0.


Internal statistics:

num_allocs_failed_limit: 6.
num_arena_births: 3114.
num_arena_deaths: 0.
num_vsnodes_births: 2.
num_vsnodes_deaths: 0.
num_space_committed: 783.
num_space_uncommitted: 0.
num_chunks_returned_to_freelist: 6.
num_chunks_taken_from_freelist: 5285.
num_chunk_merges: 3.
num_chunk_splits: 3466.
num_chunks_enlarged: 2170.
num_inconsistent_stats: 0.

CodeCache: size=131072Kb used=15980Kb max_used=15980Kb free=115091Kb
 bounds [0x00000242beeb0000, 0x00000242bfe50000, 0x00000242c6eb0000]
 total_blobs=5871 nmethods=5022 adapters=758
 compilation: enabled
              stopped_count=0, restarted_count=0
 full_count=0

Compilation events (20 events):
Event: 12.457 Thread 0x00000242d685be00 5503       4       java.util.StringJoiner::checkAddLength (50 bytes)
Event: 12.458 Thread 0x00000242ccc12b40 nmethod 5500 0x00000242bfe38890 code [0x00000242bfe38b40, 0x00000242bfe39578]
Event: 12.458 Thread 0x00000242ccc12b40 5501       3       java.lang.Class::getGenericInterfaces (21 bytes)
Event: 12.458 Thread 0x00000242ccc12b40 nmethod 5501 0x00000242bfe39e90 code [0x00000242bfe3a080, 0x00000242bfe3a5c8]
Event: 12.458 Thread 0x00000242ccc12b40 5502       3       java.lang.Class::getGenericSuperclass (28 bytes)
Event: 12.459 Thread 0x00000242ccc12b40 nmethod 5502 0x00000242bfe3a790 code [0x00000242bfe3a9c0, 0x00000242bfe3b370]
Event: 12.459 Thread 0x00000242ccc12b40 5504       3       java.util.stream.Collectors$$Lambda$30/0x800000044::apply (8 bytes)
Event: 12.459 Thread 0x00000242ccc12b40 nmethod 5504 0x00000242bfe38410 code [0x00000242bfe385a0, 0x00000242bfe387d8]
Event: 12.459 Thread 0x00000242ccc12b40 5505       3       java.util.AbstractSequentialList::iterator (5 bytes)
Event: 12.459 Thread 0x00000242d685be00 nmethod 5503 0x00000242bfe3ed90 code [0x00000242bfe3ef00, 0x00000242bfe3f028]
Event: 12.460 Thread 0x00000242ccc12b40 nmethod 5505 0x00000242bfe3e410 code [0x00000242bfe3e600, 0x00000242bfe3eba0]
Event: 12.460 Thread 0x00000242ccc12b40 5506       3       org.codehaus.groovy.util.SingleKeyHashMap::<init> (5 bytes)
Event: 12.460 Thread 0x00000242ccc12b40 nmethod 5506 0x00000242bfe3dd90 code [0x00000242bfe3df40, 0x00000242bfe3e2e8]
Event: 12.471 Thread 0x00000242d685be00 5507       4       java.io.OutputStream::<init> (5 bytes)
Event: 12.471 Thread 0x00000242ccc12b40 5508   !   3       java.io.ObjectOutputStream::writeOrdinaryObject (196 bytes)
Event: 12.471 Thread 0x00000242d685be00 nmethod 5507 0x00000242bfe1ee90 code [0x00000242bfe1f000, 0x00000242bfe1f088]
Event: 12.472 Thread 0x00000242ccc12b40 nmethod 5508 0x00000242bfe3f190 code [0x00000242bfe3f480, 0x00000242bfe40280]
Event: 12.472 Thread 0x00000242ccc12b40 5510   !   3       java.io.ObjectOutputStream::writeSerialData (223 bytes)
Event: 12.474 Thread 0x00000242ccc12b40 nmethod 5510 0x00000242bfe3c510 code [0x00000242bfe3c7c0, 0x00000242bfe3d710]
Event: 12.474 Thread 0x00000242ccc12b40 5511   !   3       java.io.ObjectOutputStream::writeObject0 (620 bytes)

GC Heap History (20 events):
Event: 0.461 GC heap before
{Heap before GC invocations=0 (full 0):
 garbage-first heap   total 260096K, used 22528K [0x0000000080000000, 0x0000000100000000)
  region size 1024K, 23 young (23552K), 0 survivors (0K)
 Metaspace       used 993K, committed 1152K, reserved 905216K
  class space    used 74K, committed 128K, reserved 839680K
}
Event: 0.466 GC heap after
{Heap after GC invocations=1 (full 0):
 garbage-first heap   total 260096K, used 1877K [0x0000000080000000, 0x0000000100000000)
  region size 1024K, 2 young (2048K), 2 survivors (2048K)
 Metaspace       used 993K, committed 1152K, reserved 905216K
  class space    used 74K, committed 128K, reserved 839680K
}
Event: 1.091 GC heap before
{Heap before GC invocations=1 (full 0):
 garbage-first heap   total 260096K, used 40789K [0x0000000080000000, 0x0000000100000000)
  region size 1024K, 38 young (38912K), 2 survivors (2048K)
 Metaspace       used 4300K, committed 4480K, reserved 905216K
  class space    used 535K, committed 640K, reserved 839680K
}
Event: 1.096 GC heap after
{Heap after GC invocations=2 (full 0):
 garbage-first heap   total 260096K, used 10868K [0x0000000080000000, 0x0000000100000000)
  region size 1024K, 5 young (5120K), 5 survivors (5120K)
 Metaspace       used 4300K, committed 4480K, reserved 905216K
  class space    used 535K, committed 640K, reserved 839680K
}
Event: 2.471 GC heap before
{Heap before GC invocations=2 (full 0):
 garbage-first heap   total 260096K, used 71284K [0x0000000080000000, 0x0000000100000000)
  region size 1024K, 62 young (63488K), 5 survivors (5120K)
 Metaspace       used 7654K, committed 8000K, reserved 905216K
  class space    used 1009K, committed 1152K, reserved 839680K
}
Event: 2.478 GC heap after
{Heap after GC invocations=3 (full 0):
 garbage-first heap   total 260096K, used 18196K [0x0000000080000000, 0x0000000100000000)
  region size 1024K, 7 young (7168K), 7 survivors (7168K)
 Metaspace       used 7654K, committed 8000K, reserved 905216K
  class space    used 1009K, committed 1152K, reserved 839680K
}
Event: 4.797 GC heap before
{Heap before GC invocations=3 (full 0):
 garbage-first heap   total 260096K, used 97044K [0x0000000080000000, 0x0000000100000000)
  region size 1024K, 85 young (87040K), 7 survivors (7168K)
 Metaspace       used 20842K, committed 21504K, reserved 905216K
  class space    used 3003K, committed 3328K, reserved 839680K
}
Event: 4.812 GC heap after
{Heap after GC invocations=4 (full 0):
 garbage-first heap   total 260096K, used 24077K [0x0000000080000000, 0x0000000100000000)
  region size 1024K, 12 young (12288K), 12 survivors (12288K)
 Metaspace       used 20842K, committed 21504K, reserved 905216K
  class space    used 3003K, committed 3328K, reserved 839680K
}
Event: 5.793 GC heap before
{Heap before GC invocations=5 (full 0):
 garbage-first heap   total 89088K, used 64013K [0x0000000080000000, 0x0000000100000000)
  region size 1024K, 52 young (53248K), 12 survivors (12288K)
 Metaspace       used 25712K, committed 26688K, reserved 905216K
  class space    used 3768K, committed 4224K, reserved 839680K
}
Event: 5.804 GC heap after
{Heap after GC invocations=6 (full 0):
 garbage-first heap   total 89088K, used 30102K [0x0000000080000000, 0x0000000100000000)
  region size 1024K, 7 young (7168K), 7 survivors (7168K)
 Metaspace       used 25712K, committed 26688K, reserved 905216K
  class space    used 3768K, committed 4224K, reserved 839680K
}
Event: 7.172 GC heap before
{Heap before GC invocations=6 (full 0):
 garbage-first heap   total 89088K, used 67990K [0x0000000080000000, 0x0000000100000000)
  region size 1024K, 45 young (46080K), 7 survivors (7168K)
 Metaspace       used 31072K, committed 32128K, reserved 905216K
  class space    used 4549K, committed 5056K, reserved 839680K
}
Event: 7.181 GC heap after
{Heap after GC invocations=7 (full 0):
 garbage-first heap   total 89088K, used 30715K [0x0000000080000000, 0x0000000100000000)
  region size 1024K, 4 young (4096K), 4 survivors (4096K)
 Metaspace       used 31072K, committed 32128K, reserved 905216K
  class space    used 4549K, committed 5056K, reserved 839680K
}
Event: 7.627 GC heap before
{Heap before GC invocations=7 (full 0):
 garbage-first heap   total 89088K, used 43003K [0x0000000080000000, 0x0000000100000000)
  region size 1024K, 18 young (18432K), 4 survivors (4096K)
 Metaspace       used 35038K, committed 36096K, reserved 905216K
  class space    used 4932K, committed 5504K, reserved 839680K
}
Event: 7.632 GC heap after
{Heap after GC invocations=8 (full 0):
 garbage-first heap   total 89088K, used 32034K [0x0000000080000000, 0x0000000100000000)
  region size 1024K, 5 young (5120K), 5 survivors (5120K)
 Metaspace       used 35038K, committed 36096K, reserved 905216K
  class space    used 4932K, committed 5504K, reserved 839680K
}
Event: 8.592 GC heap before
{Heap before GC invocations=9 (full 0):
 garbage-first heap   total 89088K, used 78114K [0x0000000080000000, 0x0000000100000000)
  region size 1024K, 46 young (47104K), 5 survivors (5120K)
 Metaspace       used 38106K, committed 39168K, reserved 905216K
  class space    used 5232K, committed 5760K, reserved 839680K
}
Event: 8.603 GC heap after
{Heap after GC invocations=10 (full 0):
 garbage-first heap   total 89088K, used 36811K [0x0000000080000000, 0x0000000100000000)
  region size 1024K, 6 young (6144K), 6 survivors (6144K)
 Metaspace       used 38106K, committed 39168K, reserved 905216K
  class space    used 5232K, committed 5760K, reserved 839680K
}
Event: 9.142 GC heap before
{Heap before GC invocations=10 (full 0):
 garbage-first heap   total 89088K, used 76747K [0x0000000080000000, 0x0000000100000000)
  region size 1024K, 44 young (45056K), 6 survivors (6144K)
 Metaspace       used 40642K, committed 41856K, reserved 905216K
  class space    used 5508K, committed 6080K, reserved 839680K
}
Event: 9.149 GC heap after
{Heap after GC invocations=11 (full 0):
 garbage-first heap   total 107520K, used 37457K [0x0000000080000000, 0x0000000100000000)
  region size 1024K, 2 young (2048K), 2 survivors (2048K)
 Metaspace       used 40642K, committed 41856K, reserved 905216K
  class space    used 5508K, committed 6080K, reserved 839680K
}
Event: 11.580 GC heap before
{Heap before GC invocations=11 (full 0):
 garbage-first heap   total 107520K, used 92753K [0x0000000080000000, 0x0000000100000000)
  region size 1024K, 56 young (57344K), 2 survivors (2048K)
 Metaspace       used 46572K, committed 48192K, reserved 905216K
  class space    used 6484K, committed 7296K, reserved 839680K
}
Event: 11.585 GC heap after
{Heap after GC invocations=12 (full 0):
 garbage-first heap   total 107520K, used 40329K [0x0000000080000000, 0x0000000100000000)
  region size 1024K, 5 young (5120K), 5 survivors (5120K)
 Metaspace       used 46572K, committed 48192K, reserved 905216K
  class space    used 6484K, committed 7296K, reserved 839680K
}

Dll operation events (15 events):
Event: 0.015 Loaded shared library C:\Program Files\Java\jdk-20\bin\java.dll
Event: 0.025 Loaded shared library C:\Program Files\Java\jdk-20\bin\jsvml.dll
Event: 0.126 Loaded shared library C:\Program Files\Java\jdk-20\bin\zip.dll
Event: 0.132 Loaded shared library C:\Program Files\Java\jdk-20\bin\instrument.dll
Event: 0.150 Loaded shared library C:\Program Files\Java\jdk-20\bin\net.dll
Event: 0.153 Loaded shared library C:\Program Files\Java\jdk-20\bin\nio.dll
Event: 0.162 Loaded shared library C:\Program Files\Java\jdk-20\bin\zip.dll
Event: 0.416 Loaded shared library C:\Program Files\Java\jdk-20\bin\jimage.dll
Event: 0.587 Loaded shared library C:\Program Files\Java\jdk-20\bin\verify.dll
Event: 0.696 Loaded shared library C:\Users\USER\.gradle\native\1def1411415f61bf3af743bc5b6707747c0891f09f0c88961ee8f79bc544acac\windows-amd64\native-platform.dll
Event: 0.708 Loaded shared library C:\Users\USER\.gradle\native\0.2.7\x86_64-windows-gnu\gradle-fileevents.dll
Event: 1.998 Loaded shared library C:\Program Files\Java\jdk-20\bin\management.dll
Event: 2.005 Loaded shared library C:\Program Files\Java\jdk-20\bin\management_ext.dll
Event: 2.448 Loaded shared library C:\Program Files\Java\jdk-20\bin\extnet.dll
Event: 2.723 Loaded shared library C:\Program Files\Java\jdk-20\bin\sunmscapi.dll

Deoptimization events (20 events):
Event: 12.159 Thread 0x00000242d2a920c0 Uncommon trap: trap_request=0xffffff45 fr.pc=0x00000242bf82922c relative=0x000000000000074c
Event: 12.159 Thread 0x00000242d2a920c0 Uncommon trap: reason=unstable_if action=reinterpret pc=0x00000242bf82922c method=java.util.HashMap.putVal(ILjava/lang/Object;Ljava/lang/Object;ZZ)Ljava/lang/Object; @ 109 c2
Event: 12.159 Thread 0x00000242d2a920c0 DEOPT PACKING pc=0x00000242bf82922c sp=0x000000f0b21f5640
Event: 12.159 Thread 0x00000242d2a920c0 DEOPT UNPACKING pc=0x00000242bef19d22 sp=0x000000f0b21f55f8 mode 2
Event: 12.250 Thread 0x00000242d2a920c0 Uncommon trap: trap_request=0xffffff45 fr.pc=0x00000242bf3d38a4 relative=0x00000000000000a4
Event: 12.250 Thread 0x00000242d2a920c0 Uncommon trap: reason=unstable_if action=reinterpret pc=0x00000242bf3d38a4 method=java.lang.ref.ReferenceQueue.poll()Ljava/lang/ref/Reference; @ 4 c2
Event: 12.250 Thread 0x00000242d2a920c0 DEOPT PACKING pc=0x00000242bf3d38a4 sp=0x000000f0b21f3370
Event: 12.250 Thread 0x00000242d2a920c0 DEOPT UNPACKING pc=0x00000242bef19d22 sp=0x000000f0b21f3258 mode 2
Event: 12.274 Thread 0x00000242d2a920c0 Uncommon trap: trap_request=0xfffffff4 fr.pc=0x00000242bf6d3ee8 relative=0x00000000000002e8
Event: 12.274 Thread 0x00000242d2a920c0 Uncommon trap: reason=null_check action=make_not_entrant pc=0x00000242bf6d3ee8 method=sun.invoke.util.VerifyType.isNullConversion(Ljava/lang/Class;Ljava/lang/Class;Z)Z @ 67 c2
Event: 12.274 Thread 0x00000242d2a920c0 DEOPT PACKING pc=0x00000242bf6d3ee8 sp=0x000000f0b21f3840
Event: 12.274 Thread 0x00000242d2a920c0 DEOPT UNPACKING pc=0x00000242bef19d22 sp=0x000000f0b21f37c0 mode 2
Event: 12.415 Thread 0x00000242d2a920c0 Uncommon trap: trap_request=0xffffff45 fr.pc=0x00000242bfe3356c relative=0x000000000000588c
Event: 12.415 Thread 0x00000242d2a920c0 Uncommon trap: reason=unstable_if action=reinterpret pc=0x00000242bfe3356c method=java.lang.invoke.InvokerBytecodeGenerator.addMethod()V @ 81 c2
Event: 12.415 Thread 0x00000242d2a920c0 DEOPT PACKING pc=0x00000242bfe3356c sp=0x000000f0b21f2320
Event: 12.415 Thread 0x00000242d2a920c0 DEOPT UNPACKING pc=0x00000242bef19d22 sp=0x000000f0b21f2310 mode 2
Event: 12.450 Thread 0x00000242d2a920c0 Uncommon trap: trap_request=0xffffffde fr.pc=0x00000242bfa36494 relative=0x00000000000000f4
Event: 12.450 Thread 0x00000242d2a920c0 Uncommon trap: reason=class_check action=maybe_recompile pc=0x00000242bfa36494 method=java.util.WeakHashMap.matchesKey(Ljava/util/WeakHashMap$Entry;Ljava/lang/Object;)Z @ 21 c2
Event: 12.450 Thread 0x00000242d2a920c0 DEOPT PACKING pc=0x00000242bfa36494 sp=0x000000f0b21f32b0
Event: 12.450 Thread 0x00000242d2a920c0 DEOPT UNPACKING pc=0x00000242bef19d22 sp=0x000000f0b21f3248 mode 2

Classes loaded (20 events):
Event: 12.264 Loading class org/xml/sax/Locator
Event: 12.265 Loading class org/xml/sax/Locator done
Event: 12.265 Loading class org/xml/sax/SAXParseException
Event: 12.265 Loading class org/xml/sax/SAXParseException done
Event: 12.270 Loading class org/xml/sax/Attributes
Event: 12.270 Loading class org/xml/sax/Attributes done
Event: 12.274 Loading class sun/invoke/util/ValueConversions$1
Event: 12.274 Loading class sun/invoke/util/ValueConversions$1 done
Event: 12.275 Loading class java/lang/invoke/BoundMethodHandle$Species_LI
Event: 12.275 Loading class java/lang/invoke/BoundMethodHandle$Species_LI done
Event: 12.439 Loading class java/util/AbstractCollectionBeanInfo
Event: 12.439 Loading class java/util/AbstractCollectionBeanInfo done
Event: 12.440 Loading class java/util/AbstractCollectionBeanInfo
Event: 12.440 Loading class java/util/AbstractCollectionBeanInfo done
Event: 12.440 Loading class java/util/AbstractCollectionCustomizer
Event: 12.440 Loading class java/util/AbstractCollectionCustomizer done
Event: 12.440 Loading class java/util/AbstractCollectionCustomizer
Event: 12.440 Loading class java/util/AbstractCollectionCustomizer done
Event: 12.442 Loading class sun/reflect/generics/reflectiveObjects/GenericArrayTypeImpl
Event: 12.442 Loading class sun/reflect/generics/reflectiveObjects/GenericArrayTypeImpl done

Classes unloaded (0 events):
No events

Classes redefined (0 events):
No events

Internal exceptions (20 events):
Event: 11.659 Thread 0x00000242d2a920c0 Exception <a 'sun/nio/fs/WindowsException'{0x000000008fd7f2f0}> (0x000000008fd7f2f0) 
thrown [s\open\src\hotspot\share\prims\jni.cpp, line 519]
Event: 11.659 Thread 0x00000242d2a920c0 Exception <a 'sun/nio/fs/WindowsException'{0x000000008fd80bc8}> (0x000000008fd80bc8) 
thrown [s\open\src\hotspot\share\prims\jni.cpp, line 519]
Event: 11.933 Thread 0x00000242d2a8fb90 Exception <a 'java/lang/NoSuchMethodError'{0x00000000851084c0}: static Lorg/gradle/internal/build/event/types/DefaultBuildPhaseDescriptor;.<clinit>()V> (0x00000000851084c0) 
thrown [s\open\src\hotspot\share\prims\jni.cpp, line 1105]
Event: 12.243 Thread 0x00000242d2a920c0 Exception <a 'java/lang/ClassNotFoundException'{0x00000000848e92b0}: org/gradle/api/internal/project/DefaultProject_DecoratedBeanInfo> (0x00000000848e92b0) 
thrown [s\open\src\hotspot\share\classfile\systemDictionary.cpp, line 305]
Event: 12.245 Thread 0x00000242d2a920c0 Exception <a 'java/lang/ClassNotFoundException'{0x0000000084704558}: org/gradle/api/internal/project/DefaultProjectBeanInfo> (0x0000000084704558) 
thrown [s\open\src\hotspot\share\classfile\systemDictionary.cpp, line 305]
Event: 12.246 Thread 0x00000242d2a920c0 Exception <a 'java/lang/ClassNotFoundException'{0x000000008471f4a0}: org/gradle/api/internal/project/DefaultProjectCustomizer> (0x000000008471f4a0) 
thrown [s\open\src\hotspot\share\classfile\systemDictionary.cpp, line 305]
Event: 12.260 Thread 0x00000242d2a920c0 Exception <a 'java/lang/ClassNotFoundException'{0x00000000847e1dd8}: org/gradle/api/internal/project/DefaultProject_DecoratedCustomizer> (0x00000000847e1dd8) 
thrown [s\open\src\hotspot\share\classfile\systemDictionary.cpp, line 305]
Event: 12.274 Thread 0x00000242d2a920c0 Implicit null exception at 0x00000242bf6d3cd1 to 0x00000242bf6d3ed4
Event: 12.275 Thread 0x00000242d2a920c0 Exception <a 'java/lang/NoSuchMethodError'{0x0000000084666908}: 'int java.lang.invoke.DirectMethodHandle$Holder.invokeSpecial(java.lang.Object, java.lang.Object, java.lang.Object, int)'> (0x0000000084666908) 
thrown [s\open\src\hotspot\share\interpreter\linkResolver.cpp, line 773]
Event: 12.276 Thread 0x00000242d2a920c0 Exception <a 'java/lang/NoSuchMethodError'{0x00000000846781d0}: 'java.lang.Object java.lang.invoke.DirectMethodHandle$Holder.invokeStatic(java.lang.Object, java.lang.Object, java.lang.Object, java.lang.Object, int)'> (0x00000000846781d0) 
thrown [s\open\src\hotspot\share\interpreter\linkResolver.cpp, line 773]
Event: 12.434 Thread 0x00000242d2a920c0 Exception <a 'java/lang/ClassNotFoundException'{0x0000000084050628}: org/gradle/api/internal/plugins/DefaultPluginContainerBeanInfo> (0x0000000084050628) 
thrown [s\open\src\hotspot\share\classfile\systemDictionary.cpp, line 305]
Event: 12.436 Thread 0x00000242d2a920c0 Exception <a 'java/lang/ClassNotFoundException'{0x000000008406b810}: org/gradle/api/internal/plugins/DefaultPluginCollectionBeanInfo> (0x000000008406b810) 
thrown [s\open\src\hotspot\share\classfile\systemDictionary.cpp, line 305]
Event: 12.438 Thread 0x00000242d2a920c0 Exception <a 'java/lang/ClassNotFoundException'{0x0000000084086878}: org/gradle/api/internal/DefaultDomainObjectSetBeanInfo> (0x0000000084086878) 
thrown [s\open\src\hotspot\share\classfile\systemDictionary.cpp, line 305]
Event: 12.439 Thread 0x00000242d2a920c0 Exception <a 'java/lang/ClassNotFoundException'{0x00000000840a1868}: org/gradle/api/internal/DefaultDomainObjectCollectionBeanInfo> (0x00000000840a1868) 
thrown [s\open\src\hotspot\share\classfile\systemDictionary.cpp, line 305]
Event: 12.440 Thread 0x00000242d2a920c0 Exception <a 'java/lang/ClassNotFoundException'{0x00000000840ac288}: java/util/AbstractCollectionBeanInfo> (0x00000000840ac288) 
thrown [s\open\src\hotspot\share\classfile\systemDictionary.cpp, line 305]
Event: 12.441 Thread 0x00000242d2a920c0 Exception <a 'java/lang/ClassNotFoundException'{0x00000000840b6c78}: java/util/AbstractCollectionCustomizer> (0x00000000840b6c78) 
thrown [s\open\src\hotspot\share\classfile\systemDictionary.cpp, line 305]
Event: 12.445 Thread 0x00000242d2a920c0 Exception <a 'java/lang/ClassNotFoundException'{0x00000000840db808}: org/gradle/api/internal/DefaultDomainObjectCollectionCustomizer> (0x00000000840db808) 
thrown [s\open\src\hotspot\share\classfile\systemDictionary.cpp, line 305]
Event: 12.450 Thread 0x00000242d2a920c0 Exception <a 'java/lang/ClassNotFoundException'{0x0000000083f183f0}: org/gradle/api/internal/DefaultDomainObjectSetCustomizer> (0x0000000083f183f0) 
thrown [s\open\src\hotspot\share\classfile\systemDictionary.cpp, line 305]
Event: 12.453 Thread 0x00000242d2a920c0 Exception <a 'java/lang/ClassNotFoundException'{0x0000000083f40fe0}: org/gradle/api/internal/plugins/DefaultPluginCollectionCustomizer> (0x0000000083f40fe0) 
thrown [s\open\src\hotspot\share\classfile\systemDictionary.cpp, line 305]
Event: 12.456 Thread 0x00000242d2a920c0 Exception <a 'java/lang/ClassNotFoundException'{0x0000000083f85e88}: org/gradle/api/internal/plugins/DefaultPluginContainerCustomizer> (0x0000000083f85e88) 
thrown [s\open\src\hotspot\share\classfile\systemDictionary.cpp, line 305]

VM Operations (20 events):
Event: 8.070 Executing VM operation: ICBufferFull done
Event: 8.592 Executing VM operation: G1CollectForAllocation
Event: 8.604 Executing VM operation: G1CollectForAllocation done
Event: 8.740 Executing VM operation: HandshakeAllThreads
Event: 8.741 Executing VM operation: HandshakeAllThreads done
Event: 9.142 Executing VM operation: G1CollectForAllocation
Event: 9.150 Executing VM operation: G1CollectForAllocation done
Event: 10.162 Executing VM operation: Cleanup
Event: 10.881 Executing VM operation: Cleanup done
Event: 11.001 Executing VM operation: HandshakeAllThreads
Event: 11.001 Executing VM operation: HandshakeAllThreads done
Event: 11.076 Executing VM operation: HandshakeAllThreads
Event: 11.076 Executing VM operation: HandshakeAllThreads done
Event: 11.580 Executing VM operation: G1CollectForAllocation
Event: 11.585 Executing VM operation: G1CollectForAllocation done
Event: 12.129 Executing VM operation: HandshakeAllThreads
Event: 12.129 Executing VM operation: HandshakeAllThreads done
Event: 12.441 Executing VM operation: ICBufferFull
Event: 12.441 Executing VM operation: ICBufferFull done
Event: 13.445 Executing VM operation: Cleanup

Events (20 events):
Event: 7.661 Thread 0x00000242cc5fdd60 flushing nmethod 0x00000242befdec90
Event: 7.661 Thread 0x00000242cc5fdd60 flushing nmethod 0x00000242befdd710
Event: 7.661 Thread 0x00000242cc5fdd60 flushing nmethod 0x00000242befe4510
Event: 7.661 Thread 0x00000242cc5fdd60 flushing nmethod 0x00000242befe4110
Event: 7.661 Thread 0x00000242cc5fdd60 flushing nmethod 0x00000242befdba90
Event: 7.661 Thread 0x00000242cc5fdd60 flushing nmethod 0x00000242befdb190
Event: 7.661 Thread 0x00000242cc5fdd60 flushing nmethod 0x00000242befdab10
Event: 7.987 Thread 0x00000242d44d9590 Thread added: 0x00000242d44d9590
Event: 8.033 Thread 0x00000242d44dd550 Thread added: 0x00000242d44dd550
Event: 8.277 Thread 0x00000242d44ddaa0 Thread added: 0x00000242d44ddaa0
Event: 8.315 Thread 0x00000242d44ddff0 Thread added: 0x00000242d44ddff0
Event: 8.358 Thread 0x00000242d44dea90 Thread added: 0x00000242d44dea90
Event: 8.615 Thread 0x00000242d4fe5400 Thread added: 0x00000242d4fe5400
Event: 9.474 Thread 0x00000242ccc13bf0 Thread exited: 0x00000242ccc13bf0
Event: 9.540 Thread 0x00000242ccc14710 Thread exited: 0x00000242ccc14710
Event: 9.640 Thread 0x00000242d4fe73e0 Thread added: 0x00000242d4fe73e0
Event: 9.733 Thread 0x00000242d4fe5950 Thread added: 0x00000242d4fe5950
Event: 10.969 Thread 0x00000242d685be00 Thread added: 0x00000242d685be00
Event: 11.589 Thread 0x00000242d4fe7e80 Thread added: 0x00000242d4fe7e80
Event: 12.362 Thread 0x00000242d685c390 Thread added: 0x00000242d685c390


Dynamic libraries:
0x00007ff6cbde0000 - 0x00007ff6cbdf0000 	C:\Program Files\Java\jdk-20\bin\java.exe
0x00007ff9ec5a0000 - 0x00007ff9ec808000 	C:\WINDOWS\SYSTEM32\ntdll.dll
0x00007ff9ec200000 - 0x00007ff9ec2c9000 	C:\WINDOWS\System32\KERNEL32.DLL
0x00007ff9e9a40000 - 0x00007ff9e9e31000 	C:\WINDOWS\System32\KERNELBASE.dll
0x00007ff9ea1f0000 - 0x00007ff9ea33b000 	C:\WINDOWS\System32\ucrtbase.dll
0x00007ff9d87e0000 - 0x00007ff9d87f9000 	C:\Program Files\Java\jdk-20\bin\jli.dll
0x00007ff9d2bc0000 - 0x00007ff9d2bdb000 	C:\Program Files\Java\jdk-20\bin\VCRUNTIME140.dll
0x00007ff9ec3b0000 - 0x00007ff9ec464000 	C:\WINDOWS\System32\ADVAPI32.dll
0x00007ff9ec120000 - 0x00007ff9ec1c9000 	C:\WINDOWS\System32\msvcrt.dll
0x00007ff9ebce0000 - 0x00007ff9ebd86000 	C:\WINDOWS\System32\sechost.dll
0x00007ff9ea340000 - 0x00007ff9ea458000 	C:\WINDOWS\System32\RPCRT4.dll
0x00007ff9ea460000 - 0x00007ff9ea626000 	C:\WINDOWS\System32\USER32.dll
0x00007ff9e96f0000 - 0x00007ff9e9717000 	C:\WINDOWS\System32\win32u.dll
0x00007ff9d4d90000 - 0x00007ff9d5023000 	C:\WINDOWS\WinSxS\amd64_microsoft.windows.common-controls_6595b64144ccf1df_6.0.26100.7705_none_3e06597ae3363b04\COMCTL32.dll
0x00007ff9ec1d0000 - 0x00007ff9ec1fb000 	C:\WINDOWS\System32\GDI32.dll
0x00007ff9e97b0000 - 0x00007ff9e98db000 	C:\WINDOWS\System32\gdi32full.dll
0x00007ff9e98e0000 - 0x00007ff9e9983000 	C:\WINDOWS\System32\msvcp_win.dll
0x00007ff9e0c90000 - 0x00007ff9e0c9b000 	C:\WINDOWS\SYSTEM32\VERSION.dll
0x00007ff9ea850000 - 0x00007ff9ea881000 	C:\WINDOWS\System32\IMM32.DLL
0x00007ff9d87d0000 - 0x00007ff9d87dc000 	C:\Program Files\Java\jdk-20\bin\vcruntime140_1.dll
0x00007ff9b7180000 - 0x00007ff9b720e000 	C:\Program Files\Java\jdk-20\bin\msvcp140.dll
0x00007ff8f6300000 - 0x00007ff8f6f97000 	C:\Program Files\Java\jdk-20\bin\server\jvm.dll
0x00007ff9c33c0000 - 0x00007ff9c33ca000 	C:\WINDOWS\SYSTEM32\WSOCK32.dll
0x00007ff9d7330000 - 0x00007ff9d7365000 	C:\WINDOWS\SYSTEM32\WINMM.dll
0x00007ff9ebc60000 - 0x00007ff9ebcd4000 	C:\WINDOWS\System32\WS2_32.dll
0x00007ff9e7c30000 - 0x00007ff9e7c4b000 	C:\WINDOWS\SYSTEM32\kernel.appcore.dll
0x00007ff9c33b0000 - 0x00007ff9c33ba000 	C:\Program Files\Java\jdk-20\bin\jimage.dll
0x00007ff9d6460000 - 0x00007ff9d66a2000 	C:\WINDOWS\SYSTEM32\DBGHELP.DLL
0x00007ff9ebd90000 - 0x00007ff9ec116000 	C:\WINDOWS\System32\combase.dll
0x00007ff9eb910000 - 0x00007ff9eb9e7000 	C:\WINDOWS\System32\OLEAUT32.dll
0x00007ff9d2cb0000 - 0x00007ff9d2ceb000 	C:\WINDOWS\SYSTEM32\dbgcore.DLL
0x00007ff9e9990000 - 0x00007ff9e9a35000 	C:\WINDOWS\System32\bcryptPrimitives.dll
0x00007ff9c33a0000 - 0x00007ff9c33ae000 	C:\Program Files\Java\jdk-20\bin\instrument.dll
0x00007ff9c0e50000 - 0x00007ff9c0e76000 	C:\Program Files\Java\jdk-20\bin\java.dll
0x00007ff9b70a0000 - 0x00007ff9b7177000 	C:\Program Files\Java\jdk-20\bin\jsvml.dll
0x00007ff9ea9a0000 - 0x00007ff9eb0f1000 	C:\WINDOWS\System32\SHELL32.dll
0x00007ff9ea080000 - 0x00007ff9ea1ea000 	C:\WINDOWS\System32\wintypes.dll
0x00007ff9e8e80000 - 0x00007ff9e96e2000 	C:\WINDOWS\System32\windows.storage.dll
0x00007ff9ea700000 - 0x00007ff9ea7f6000 	C:\WINDOWS\System32\SHCORE.dll
0x00007ff9ec2d0000 - 0x00007ff9ec337000 	C:\WINDOWS\System32\shlwapi.dll
0x00007ff9e8da0000 - 0x00007ff9e8dc9000 	C:\WINDOWS\SYSTEM32\profapi.dll
0x00007ff9c2a30000 - 0x00007ff9c2a48000 	C:\Program Files\Java\jdk-20\bin\zip.dll
0x00007ff9c0e30000 - 0x00007ff9c0e43000 	C:\Program Files\Java\jdk-20\bin\net.dll
0x00007ff9e09c0000 - 0x00007ff9e0ae7000 	C:\WINDOWS\SYSTEM32\WINHTTP.dll
0x00007ff9e81a0000 - 0x00007ff9e820b000 	C:\WINDOWS\system32\mswsock.dll
0x00007ff9c0da0000 - 0x00007ff9c0db6000 	C:\Program Files\Java\jdk-20\bin\nio.dll
0x00007ff9c3390000 - 0x00007ff9c33a0000 	C:\Program Files\Java\jdk-20\bin\verify.dll
0x00007ff9e31a0000 - 0x00007ff9e31c7000 	C:\Users\USER\.gradle\native\1def1411415f61bf3af743bc5b6707747c0891f09f0c88961ee8f79bc544acac\windows-amd64\native-platform.dll
0x00007ff9d9360000 - 0x00007ff9d93d8000 	C:\Users\USER\.gradle\native\0.2.7\x86_64-windows-gnu\gradle-fileevents.dll
0x00007ff9c0e20000 - 0x00007ff9c0e2a000 	C:\Program Files\Java\jdk-20\bin\management.dll
0x00007ff9c0d90000 - 0x00007ff9c0d9b000 	C:\Program Files\Java\jdk-20\bin\management_ext.dll
0x00007ff9ea910000 - 0x00007ff9ea918000 	C:\WINDOWS\System32\PSAPI.DLL
0x00007ff9e7640000 - 0x00007ff9e7674000 	C:\WINDOWS\SYSTEM32\IPHLPAPI.DLL
0x00007ff9ec3a0000 - 0x00007ff9ec3aa000 	C:\WINDOWS\System32\NSI.dll
0x00007ff9e0ca0000 - 0x00007ff9e0cbe000 	C:\WINDOWS\SYSTEM32\dhcpcsvc6.DLL
0x00007ff9e0940000 - 0x00007ff9e0963000 	C:\WINDOWS\SYSTEM32\dhcpcsvc.DLL
0x00007ff9e76d0000 - 0x00007ff9e77fc000 	C:\WINDOWS\SYSTEM32\DNSAPI.dll
0x00007ff9bf3e0000 - 0x00007ff9bf3e7000 	C:\Program Files\Java\jdk-20\bin\extnet.dll
0x00007ff9e8470000 - 0x00007ff9e848b000 	C:\WINDOWS\SYSTEM32\CRYPTSP.dll
0x00007ff9e7b90000 - 0x00007ff9e7bc9000 	C:\WINDOWS\system32\rsaenh.dll
0x00007ff9e8250000 - 0x00007ff9e827b000 	C:\WINDOWS\SYSTEM32\USERENV.dll
0x00007ff9e8d70000 - 0x00007ff9e8d9a000 	C:\WINDOWS\SYSTEM32\bcrypt.dll
0x00007ff9e8460000 - 0x00007ff9e846c000 	C:\WINDOWS\SYSTEM32\CRYPTBASE.dll
0x00007ff9bf3d0000 - 0x00007ff9bf3de000 	C:\Program Files\Java\jdk-20\bin\sunmscapi.dll
0x00007ff9e9e40000 - 0x00007ff9e9fb7000 	C:\WINDOWS\System32\CRYPT32.dll
0x00007ff9e8680000 - 0x00007ff9e86b0000 	C:\WINDOWS\SYSTEM32\ncrypt.dll
0x00007ff9e8630000 - 0x00007ff9e866f000 	C:\WINDOWS\SYSTEM32\NTASN1.dll
0x00007ff983110000 - 0x00007ff983118000 	C:\WINDOWS\system32\wshunix.dll

dbghelp: loaded successfully - version: 4.0.5 - missing functions: none
symbol engine: initialized successfully - sym options: 0x614 - pdb path: .;C:\Program Files\Java\jdk-20\bin;C:\WINDOWS\SYSTEM32;C:\WINDOWS\WinSxS\amd64_microsoft.windows.common-controls_6595b64144ccf1df_6.0.26100.7705_none_3e06597ae3363b04;C:\Program Files\Java\jdk-20\bin\server;C:\Users\USER\.gradle\native\1def1411415f61bf3af743bc5b6707747c0891f09f0c88961ee8f79bc544acac\windows-amd64;C:\Users\USER\.gradle\native\0.2.7\x86_64-windows-gnu

VM Arguments:
jvm_args: --add-opens=java.base/java.lang=ALL-UNNAMED --add-opens=java.base/java.lang.invoke=ALL-UNNAMED --add-opens=java.base/java.util=ALL-UNNAMED --add-opens=java.prefs/java.util.prefs=ALL-UNNAMED --add-exports=jdk.compiler/com.sun.tools.javac.api=ALL-UNNAMED --add-exports=jdk.compiler/com.sun.tools.javac.util=ALL-UNNAMED --add-opens=java.base/java.util=ALL-UNNAMED --add-opens=java.prefs/java.util.prefs=ALL-UNNAMED --add-opens=java.base/java.nio.charset=ALL-UNNAMED --add-opens=java.base/java.net=ALL-UNNAMED --add-opens=java.base/java.util.concurrent.atomic=ALL-UNNAMED --add-opens=java.xml/javax.xml.namespace=ALL-UNNAMED -XX:MaxMetaspaceSize=1G -XX:ReservedCodeCacheSize=128m -XX:+HeapDumpOnOutOfMemoryError -Xmx2G -Dfile.encoding=UTF-8 -Duser.country=US -Duser.language=en -Duser.variant -javaagent:C:\Users\USER\.gradle\wrapper\dists\gradle-8.14-all\c2qonpi39x1mddn7hk5gh9iqj\gradle-8.14\lib\agents\gradle-instrumentation-agent-8.14.jar 
java_command: org.gradle.launcher.daemon.bootstrap.GradleDaemon 8.14
java_class_path (initial): C:\Users\USER\.gradle\wrapper\dists\gradle-8.14-all\c2qonpi39x1mddn7hk5gh9iqj\gradle-8.14\lib\gradle-daemon-main-8.14.jar
Launcher Type: SUN_STANDARD

[Global flags]
     intx CICompilerCount                          = 4                                         {product} {ergonomic}
   size_t CompressedClassSpaceSize                 = 859832320                                 {product} {ergonomic}
     uint ConcGCThreads                            = 3                                         {product} {ergonomic}
     uint G1ConcRefinementThreads                  = 10                                        {product} {ergonomic}
   size_t G1HeapRegionSize                         = 1048576                                   {product} {ergonomic}
    uintx GCDrainStackTargetSize                   = 64                                        {product} {ergonomic}
     bool HeapDumpOnOutOfMemoryError               = true                                   {manageable} {command line}
   size_t InitialHeapSize                          = 266338304                                 {product} {ergonomic}
   size_t MarkStackSize                            = 4194304                                   {product} {ergonomic}
   size_t MaxHeapSize                              = 2147483648                                {product} {command line}
   size_t MaxMetaspaceSize                         = 1073741824                                {product} {command line}
   size_t MaxNewSize                               = 1287651328                                {product} {ergonomic}
   size_t MinHeapDeltaBytes                        = 1048576                                   {product} {ergonomic}
   size_t MinHeapSize                              = 8388608                                   {product} {ergonomic}
    uintx NonProfiledCodeHeapSize                  = 0                                      {pd product} {ergonomic}
    uintx ProfiledCodeHeapSize                     = 0                                      {pd product} {ergonomic}
    uintx ReservedCodeCacheSize                    = 134217728                              {pd product} {command line}
   size_t SoftMaxHeapSize                          = 2147483648                             {manageable} {ergonomic}
     bool UseCompressedClassPointers               = true                           {product lp64_product} {ergonomic}
     bool UseCompressedOops                        = true                           {product lp64_product} {ergonomic}
     bool UseG1GC                                  = true                                      {product} {ergonomic}
     bool UseLargePagesIndividualAllocation        = false                                  {pd product} {ergonomic}

Logging:
Log output configuration:
 #0: stdout all=warning uptime,level,tags foldmultilines=false
 #1: stderr all=off uptime,level,tags foldmultilines=false

Environment Variables:
JAVA_HOME=C:\Program Files\Java\jdk-20
PATH=C:\Program Files\Common Files\Oracle\Java\javapath;C:\Program Files (x86)\Common Files\Oracle\Java\java8path;C:\Program Files (x86)\Common Files\Oracle\Java\javapath;C:\Python310\Scripts\;C:\Python310\;C:\WINDOWS\system32;C:\WINDOWS;C:\WINDOWS\System32\Wbem;C:\WINDOWS\System32\WindowsPowerShell\v1.0\;C:\WINDOWS\System32\OpenSSH\;C:\Program Files\NVIDIA Corporation\NVIDIA NvDLISR;C:\WINDOWS\system32;C:\WINDOWS;C:\WINDOWS\System32\Wbem;C:\WINDOWS\System32\WindowsPowerShell\v1.0\;C:\WINDOWS\System32\OpenSSH\;D:\jdk20\bin;C:\Program Files\Java\jdk-20\bin;C:\Program Files\nodejs;C:\Program Files\Java\jdk-21;C:\Program Files\Git\cmd;C:\Program Files\dotnet\;C:\Program Files\nodejs\;D:\Users\USER\allure-2.34.1\bin;D:\Users\USER\maven-mvnd-1.0.2-windows-amd64\bin;D:\sonar-scanner-7.2.0.5079-windows-x64\bin;C:\Program Files\apache-maven-3.9.11\bin;D:\Users\USER\anaconda3\Library\mingw-w64\bin;D:\Users\USER\anaconda3\Library\usr\bin;D:\Users\USER\anaconda3\Library\bin;D:\Users\USER\anaconda3\Scripts;C:\Program Files\MySQL\MySQL Shell 8.0\bin\;C:\Users\USER\AppData\Local\Microsoft\WindowsApps;C:\Users\USER\AppData\Local\GitHubDesktop\bin;C:\Users\USER\AppData\Local\Programs\Microsoft VS Code\bin;D:\Program Files\IntelliJ IDEA Community Edition 2024.2.4\bin;;C:\Users\USER\.dotnet\tools;C:\Users\USER\AppData\Roaming\npm;C:\Program Files (x86)\BrowserStackLocal\;D:\IntelliJ IDEA 2025.3\bin;D:\flutter_windows_3.41.0-0.2.pre-beta\flutter\bin;
USERNAME=USER
OS=Windows_NT
PROCESSOR_IDENTIFIER=Intel64 Family 6 Model 165 Stepping 2, GenuineIntel
TMP=C:\Users\USER\AppData\Local\Temp
TEMP=C:\Users\USER\AppData\Local\Temp




---------------  S Y S T E M  ---------------

OS:
 Windows 11 , 64 bit Build 26100 (10.0.26100.7705)
OS uptime: 0 days 4:15 hours

CPU: total 12 (initial active 12) (6 cores per cpu, 2 threads per core) family 6 model 165 stepping 2 microcode 0xe2, cx8, cmov, fxsr, ht, mmx, 3dnowpref, sse, sse2, sse3, ssse3, sse4.1, sse4.2, popcnt, lzcnt, tsc, tscinvbit, avx, avx2, aes, erms, clmul, bmi1, bmi2, adx, fma, vzeroupper, clflush, clflushopt, rdtscp, f16c, pku

Memory: 4k page, system-wide physical 16205M (1815M free)
TotalPageFile size 20301M (AvailPageFile size 1M)
current process WorkingSet (physical memory assigned to process): 289M, peak: 292M
current process commit charge ("private bytes"): 331M, peak: 459M

vm_info: Java HotSpot(TM) 64-Bit Server VM (20.0.1+9-29) for windows-amd64 JRE (20.0.1+9-29), built on 2023-03-07T13:56:11Z by "mach5one" with MS VC++ 17.1 (VS2022)

END.
